{
  "btn.common.please_wait": "Please wait ...",
  "btn.common.save": "Save",
  "btn.common.search": "Search",
  "btn.common.update": "Update",
  "btn.common.restore": "Restore",
  "btn.common.delete": "Delete",
  "btn.common.next": "Next",
  "btn.common.delete_permanently": "Delete Forever",
  "btn.common.done": "Done",
  "btn.common.cancel": "Cancel",
  "btn.common.backup": "Export",
  "btn.common.create": "Create",
  "btn.common.copy": "Copy",
  "btn.common.yes_proceed": "Yes, Proceed",
  "btn.common.yes_create": "Yes, Create",
  "btn.common.yes_update": "Yes, Update",
  "btn.create.test_case": "Create Test Case",
  "btn.create.test_group": "Create Step Group",
  "btn.create.test_suite": "Create Test Suite",
  "btn.common.associate": "Associate",
  "testcase.details.step_create_group.step_group_error": "Test Steps contains Step Group. Please remove/Deselect it and try again.",
  "testcase.details.step_create_group.conditional_error": "Please add entire If condition/ For Loop/ While Loop and try again.",
  "backup.initiated.success": "Export initiated successfully",
  "backup.select.least.one": "Select atleast one entity to export",
  "backup.initiated.failure": "Export init failure",
  "testcases.details.export_as_xml": "Test Case XML Export",
  "testgroups.details.export_as_xml": "Step Group XML Export",
  "test_step.results.element": "Element",
  "nlp.data_profile.suggestion.title": "Test Data Profile",
  "btn.common.new": "New",
  "btn.common.create.element": "+Create Element",
  "btn.common.create_replace": "Create And Replace",
  "btn.common.create_new": "Create New",
  "btn.common.close": "Close",
  "btn.common.edit": "Edit",
  "btn.common.remove": "Remove",
  "btn.common.confirm": "Confirm",
  "btn.common.yes_delete": "Yes, Delete",
  "btn.common.yes_change": "Yes, Change",
  "btn.common.filter": "Filter",
  "btn.common.reset": "Reset",
  "btn.common.add": "Add",
  "btn.common.upload": "Upload",
  "btn.common.upload_file": "Upload File",
  "btn.common.download": "Download",
  "btn.common.submit": "Submit",
  "btn.common.register": "Register",
  "btn.common.verify": "Verify",
  "btn.common.bulk_update": "Bulk Update",
  "btn.common.ok": "Ok",
  "btn.common.reports": "Reports",
  "btn.common.run": "Run",
  "btn.common.record": "Record",
  "btn.common.install": "Install",
  "btn.common.import": "Import",
  "common.key": "Key",
  "common.value": "Value",
  "common.knowledge_base": "Knowledge Base",
  "common.video_tour": "Video Tour",
  "message.common.access_denied": "Access Denied",
  "message.common.know_more": "Know more...",
  "message.common.stop": "Stop",
  "message.common.device_busy":"This Device is busy, please select another device or try again later",
  "message.common.empty_page": "There are no {{categoryType}} created.",
  "message.common.search.not_found": "No results found for this search criteria",
  "message.common.update.success": "{{FieldName}} updated successfully",
  "message.common.update.failure": "Failed to update {{FieldName}}",
  "message.common.restore.success": "{{FieldName}} restored successfully",
  "message.common.restore.failure": "Failed to restore {{FieldName}}",
  "message.common.upload.success": "{{FieldName}} uploaded successfully",
  "message.common.fetch.failure": "Error while fetching {{FieldName}}",
  "message.common.created.success": "{{FieldName}} created successfully",
  "message.common.created_by": "Created By",
  "message.common.copied.success": "{{FieldName1}} copied successfully",
  "message.common.copied_as.success": "{{FieldName1}} copied as {{FieldName2}} successfully",
  "message.common.copied.failure": "{{FieldName}} copy failed.{{FieldName2}} may be broken.",
  "message.common.created.failure": "Failed to create {{FieldName}}",
  "message.common.deleted.success": "{{FieldName}} deleted successfully",
  "message.common.linear.failure": "Failed to load Liner teams",
  "message.common.deleted.failure": "Failed to delete {{FieldName}}",
  "message.common.deleted.failure.has_some_relation": "This workspace version has some relation with other entities.",
  "message.common.plugin_integration_configuration.success": "{{FieldName}} Integration is successfully configured",
  "message.common.plugin_integration_configuration.failure": "An error occurred while configuring {{FieldName}} Integration. Please try again.",
  "message.common.plugin_integration.deleted.success": "{{FieldName}} Integration deleted successfully",
  "message.common.plugin_integration.deleted.failure": "Failed to Delete {{FieldName}} Integration",
  "message.common.plugin_integration_test.failure": "{{FieldName}} Integration Authentication Test failed. Please check the credentials",
  "message.common.saved.success": "{{FieldName}} saved successfully",
  "message.common.upload.failure": "Failed to upload {{FieldName}}",
  "message.common.signup.failure": "No Public Email or UserName Accociated with the {{Provider}} Account!!!",
  "message.common.upload.limit_fail": "Failed to upload file. Maximum file size allowed is 5 MB",
  "message.common.confirmation.message": "Are you sure you want to delete this {{FieldName}}?",
  "message.common.confirmation.title_with_name": "Delete {{Title}}",
  "message.common.confirmation.name_note": "Are you absolutely sure you want to delete <span class='rb-medium'>{{Name}}</span>?",
  "message.common.confirmation.project_des":"You will lose all Test cases, Elements, Test data profiles, Custom functions, Uploads, Requirements, Test suites, Test plans, Run results and Environments associated with this {{Item}}.",
  "message.common.confirmation.testcase_des":"You will lose all Test steps, Run reports and Run configuration associated with this {{Item}}.",
  "message.common.confirmation.test_data_des":"You will lose all Run reports and Run configuration associated with this {{Item}}.",
  "message.common.confirmation.upload_des":"You will lose all Uploaded version, Run reports and Run configuration associated with this {{Item}}.",
  "message.common.confirmation.test_suite_des":"You will lose all Run reports associated with this {{Item}}.",
  "message.common.confirmation.test_plan_des":"You will lose all Run reports associated with this {{Item}}.",
  "message.common.confirmation.uploads_des": "This file and all of its versions will be permanently deleted and not be retrievable. Please type DELETE to confirm",
  "message.common.confirmation.action_undone":"This action cannot be undone.",
  "message.common.confirmation.btn_delete": "I understand, delete this {{Item}}",
  "message.common.confirmation.placeholder": "Enter 'DELETE' to confirm.",
  "message.common.selected.confirmation.message": "Are you sure you want to delete the selected {{Name}}?",
  "message.common.confirmation.default": "Are you sure you want to delete this item?",
  "message.common.confirmation.default_change": "Are you sure to change this?",
  "message.common.confirmation.title": "Delete Confirmation",
  "message.common.confirmation.note": "You cannot undo this action!",
  "message.common.confirmation.note_trash": "You can always restore the deleted test cases back from Trash!",
  "message.common.createdDate": "Created Date",
  "message.common.updatedDate": "Updated Date",
  "message.common.lastRunDate": "Last Run Date",
  "message.common.clear": "Clear",
  "loading_text": "Loading. Please wait",
  "message.common.created_at": "Created At",
  "message.common.updated_at": "Updated At",
  "message.common.created_on": "Created On",
  "message.common.updated_on": "Updated On",
  "message.common.created_at_on": "On",
  "message.common.msg": "Message",
  "message.common.attachments": "Attachments",
  "message.common.saving": "Saving ...",
  "message.common.updating": "Updating ...",
  "message.common.uploading": "Uploading ...",
  "message.common.copying": "Copying ...",
  "message.common.generating": "Regenerating ...",
  "message.common.lean_more": "Learn more...",
  "message.common.saved": "Saved Successfully.",
  "message.common.enter_valid_email": "Enter a valid Email",
  "message.common.error_contact_support": "Failed to perform the operation. Please refresh and try again. If the issue persists, please contact Testsigma Support.",
  "message.common.none": "None",
  "message.common.view_details": "View Details",
  "message.common.label.name": "Name",
  "message.common.label.firstname": "First Name",
  "message.common.label.lastname": "Last Name",
  "message.common.label.email": "Email",
  "message.common.label.verificationcode": "Verification Code",
  "message.common.verification_message": "We have sent a verification code to your email address.",
  "message.common.code_infield": "Enter the code in the field below.",
  "message.common.not_recieved_verification": "Haven't received the verification code? Check your spam or",
  "message.common.trouble": "Still having trouble? ",
  "message.common.get_another": "get another code. ",
  "message.common.contact_support_small": "Contact Support",
  "message.common.resent_verification_message": "Verification code resent. Check your inbox or spam folder.:)",
  "message.common.label.url": "URL",
  "message.common.not_available": "N/A",
  "message.common.text.title": "Title",
  "message.common.text.status": "Status",
  "message.common.text.result": "Result",
  "message.common.deleted": "Deleted",
  "message.common.any": "Any",
  "message.common.automation": "Automation",
  "message.common.details": "Details",
  "message.common.versions": "Versions",
  "message.common.mandatory": "Comment can not be blank",
  "message.common.click_here": "Click here",
  "message.common.on": "On",
  "message.common.at_a_time": "At {{time}}",
  "message.common.description_optional": "Description(Optional)",
  "message.common.description": "Description",
  "message.common.sort_by.ascending": "Ascending",
  "message.common.sort_by.descending": "Descending",
  "message.common.sort": "Sort",
  "message.common.sort_by.old": "Old",
  "message.common.sort_by.new": "New",
  "message.common.character_limit_info": "{{charactersUsed}}/5000 characters (minimum 50)",
  "message.common.place_holder.search_name": "Search Name",
  "message.common.chat_with_us": "Chat with us",
  "message.common.loading": "Loading...",
  "message.common.note": "Note:",
  "message.common.help_document": "help document",
  "message.common.refer_this": "Refer this",
  "message.common.live": "Live",
  "message.common.beta_tag": "Beta",
  "message.common.step_number": "step {{Number}}",
  "message.common.or": "or",
  "step.has.prerequisite.with.step.number": "Step already used as a prerequisite for step(s) {{StepNumber}}. please release the step to delete",
  "hint.message.common.add": "Add",
  "hint.message.common.remove": "Remove",
  "hint.message.common.add_selected": "Add Selected",
  "hint.message.common.remove_selected": "Remove Selected",
  "hint.message.common.import": "Import",
  "hint.message.common.encrypt": "Encrypt",
  "hint.message.common.decrypt": "Decrypt",
  "hint.message.common.search": "Search",
  "hint.message.common.clear": "Clear",
  "hint.message.common.help": "Help",
  "hint.message.common.edit": "Edit",
  "hint.message.common.delete": "Delete",
  "hint.message.common.refresh": "Refresh",
  "hint.message.common.delete_column": "Delete Column",
  "hint.message.common.delete_selected": "Delete Selected Items",
  "hint.message.common.remove_selected_items": "Remove Selected Items",
  "hint.message.common.filter": "Filter",
  "hint.message.common.sort": "Sort",
  "hint.message.common.details": "Details",
  "hint.message.common.close": "Close",
  "hint.message.common.more": "More details...",
  "hint.message.common.stop": "Stop",
  "hint.message.common.back": "Back",
  "hint.message.common.cancel": "Cancel",
  "hint.message.common.extend": "Expand",
  "hint.message.common.collapse": "Collapse",
  "hint.message.common.download": "Download",
  "hint.message.common.discard": "Discard changes",
  "hint.message.common.switch_view": "Switch View",
  "hint.message.common.save": "Save",
  "hint.message.common.save_as": "Save As",
  "hint.message.common.clone": "Clone",
  "hint.message.common.add_row": "Add Next Row",
  "hint.message.common.remove_row": "Remove Row",
  "hint.message.common.add_column": "Add Next Column",
  "hint.message.common.more_action": "More",
  "validation.required.message": "{{field}} is required.",
  "form.validation.common.required": "{{FieldName}} can't be blank",
  "form.validation.common.invalid": "{{FieldName}} is Invalid",
  "form.validation.common.min_length": "{{FieldName}} must have minimum {{min}} characters",
  "form.validation.common.max_length": "{{FieldName}} should be less than {{max}} characters",
  "form.validation.common.max_file_size": "{{FieldName}} should be less than {{max}} MB",
  "form.validation.common.greater_than": "{{field1}} should be greater than {{field2}}",
  "form.validation.cannot_have_white_spaces": "{{FieldName}} cannot be empty",
  "hint.message.common.expand_summary": "Expand Summary",
  "hint.message.common.next.item": "Next",
  "hint.message.common.previous.item": "Previous",
  "hint.message.common.list.item": "List items",
  "hint.message.common.upgrade": "Upgrade",
  "hint.message.common.reports": "View Reports",
  "agents.title": "Agents",
  "agents.list_view.title": "Title",
  "agents.list_view.os": "OS",
  "agents.list_view.available_browsers": "Available Browsers",
  "agents.list_view.Last_successful_ping": "Last successful ping at",
  "agents.header.add_new_agent": "Add a new Agent",
  "agents.title_name": "Title",
  "agents.message.title.required": "Title is mandatory",
  "agents.message.title.minlength": "Title should have at least 4 characters",
  "agents.delete.confirmation.message": "Are you sure you want to delete this Agent?",
  "agents.local_agent_unable_to_connect": "Unable to connect to the Agent. Please verify if the Agent has started.",
  "agents.unable_to_reach": "Check whether the Testsigma Agent is running. Follow the setup guide to know how to run the Agent.",
  "agents.not_registered": "Agent is not registered yet. Please register the agent and try again",
  "agents.not_found": "Unable to find the agent details in your account. Please check if the agent is registered in the same account or different one",
  "agents.list_view.version_out_of_sync": "Agent needs an upgrade. Installed version is {{agentVersion}} and latest version is {{latestVersion}}.",
  "agents.list_view.unable_to_contact_agent_tool_tip": "Unable to connect to the Agent machine. Last successful ping was {{updatedAt}}.",
  "agents.devices_not_found": "No devices were found. Is your Testsigma Agent Out of Sync ?",
  "agents.devices_troubleshoot": "Click here to troubleshoot",
  "agents.list_view.out_of_sync": "Out of Sync",
  "agents.list.sort_by.all": "All Agents",
  "agents.list.sort_by.active": "Active Agents",
  "agents.list.sort_by.inactive": "Inactive Agents",
  "agent.details.ip_address": "IP Address",
  "agent.details.created_at": "Created",
  "agent.details.nav_header.test_plans": "Test Plans",
  "agent.details.nav_header.dry_runs": "Dry Runs",
  "agent.details.nav_header.devices": "Devices",
  "agent.details.version": "Version",
  "left_nav.dashboard": "Dashboard",
  "left_nav.test_development": "Test Development",
  "left_nav.workspace_settings": "Workspace Settings",
  "left_nav.agents": "Agents",
  "left_nav.settings": "Settings",
  "left_nav.usage_details": "Usage Details",
  "left_nav.help": "Help",
  "left_nav.whats_new": "What's new on Testsigma OS?",
  "test_data_generators.list.title": "Test Data Generators",
  "action.custom_function.suggestion.method_placeholder": "search data generator/method",
  "action.custom_function.default": "Default",
  "action.custom_function.addon_functions": "Addon",
  "action.custom_function.suggestion.description": "Description",
  "action.custom_function.suggestion.input": "Input",
  "test_plans.list.header.name": "Name",
  "test_plans.list.header.status": "Status",
  "test_plans.list.header.start_time": "Start Time",
  "test_plans.list.header.duration": "Duration",
  "test_plans.details.suites": "SUITES",
  "dry_runs.list.header.name": "Name",
  "dry_runs.list.header.status": "Status",
  "dry_runs.list.header.start_time": "Start Time",
  "dry_runs.list.header.duration": "Duration",
  "td_nav.design_development": "Design & Development",
  "td_nav.test_case": "Test Cases",
  "td_nav.elements": "Elements",
  "td_nav.test_data_profile": "Test Data Profiles",
  "td_nav.upload": "Uploads",
  "td_nav.test_plan_result": "Test Plan & Results",
  "td_nav.test_suite": "Test Suites",
  "td_nav.test_plan": "Test Plans",
  "td_nav.run_result": "Run Results",
  "td_nav.environment": "Environments",
  "td_nav.help": "HELP",
  "td_nav.nl_actions": "Natural Text Actions",
  "test_case_groups.title": "Step Groups",
  "agents.testplans.none": "No Test Plans created for this Agent yet",
  "agents.test_plans.dry.none": "No Dry Runs started for this Agent yet",
  "agents.no_devices": "No Connected Devices",
  "pagination.previous": "Previous",
  "pagination.next": "Next",
  "pagination.close": "Close",
  "pagination.edit": "Edit",
  "pagination.delete": "Delete",
  "device.connected": "Connected",
  "device.disconnected": "Disconnected",
  "agents.mobile.inspection.search_elements": "Search Elements",
  "agents.mobile.inspection.record_title_Multiple": "Record Elements",
  "agents.mobile.inspection.screen_name.required": "Screen Name is mandatory",
  "agents.mobile.inspection.record_title": "Record Element",
  "agents.mobile.inspection.record_test_step_title": "Record Test Steps",
  "agents.mobile.inspection.upload": "Upload New APP",
  "agents.mobile.inspection.select_device": "Select Device",
  "agents.mobile.inspection.select_device_hint": "Choose the device that you want to Test and Inspect on",
  "agents.mobile.inspection.device.required": "Select Device",
  "agents.mobile.inspection.app_package.required": "App Package is mandatory",
  "agents.mobile.inspection.app_activity.required": "App Activity is mandatory",
  "agents.mobile.inspection.bundle_id.required": "Bundle Id is mandatory",
  "agents.mobile.inspection.app_source": "App Source",
  "agents.mobile.inspection.selected_element": "Selected Element",
  "agents.mobile.inspection.element_not_selected": "Please select an element from Inspection view to see properties.",
  "agents.mobile.inspection.fragile_warn": "Using XPath locators is not recommended and can lead to fragile tests. Please ask your Development Team to provide unique Accessibility Locators.",
  "agents.mobile.inspection.attribute": "Attribute",
  "agents.mobile.inspection.value": "Value",
  "agents.mobile.inspection.accessibility_id": "Accessibility ID",
  "agents.mobile.inspection.id": "ID",
  "agents.mobile.inspection.name": "Name",
  "agents.mobile.inspection.class": "Class",
  "agents.mobile.inspection.tag_name": "Tag Name",
  "agents.mobile.inspection.xpath": "XPath",
  "agents.mobile.inspection.enabled": "Enabled",
  "agents.mobile.inspection.visible": "Visible",
  "agents.mobile.inspection.clickable": "Clickable",
  "agents.mobile.inspection.checked": "Checked",
  "agents.mobile.inspection.long_clickable": "Long Clickable",
  "agents.mobile.inspection.selected": "Selected",
  "agents.mobile.inspection.scrollable": "Scrollable",
  "agents.mobile.inspection.checkable": "Checkable",
  "agents.mobile.inspection.focusable": "Focusable",
  "agents.mobile.inspection.text": "Text",
  "agents.mobile.inspection.package_name": "Package Name",
  "agents.mobile.inspection.label": "Label",
  "agents.mobile.inspection.valid": "Valid",
  "agents.mobile.inspection.switch_to_mirroring": "Mirroring Mode",
  "agents.mobile.inspection.inspection_mode": "Select Element",
  "agents.mobile.inspection.search_element": "Search",
  "agents.mobile.inspection.refresh_screenshot": "Refresh Screenshot",
  "agents.mobile.inspection.back_button": "Go Back",
  "agents.mobile.inspection.swipe_action": "Swipe By Coordinates",
  "agents.mobile.inspection.click_action": "Tap By Coordinates",
  "agents.mobile.inspection.pause": "Paused Recording",
  "agents.mobile.inspection.element_form": "Element Form",
  "agents.mobile.inspection.elements": "Elements",
  "agents.mobile.inspection.element_name": "Element Name",
  "agents.mobile.inspection.type": "Locator Type",
  "agents.mobile.inspection.go_back_to_list": "Go Back to List View",
  "agents.mobile.inspection.go_back_to_form": "Go Back to Form",
  "agents.mobile.inspection.recording": "Recording",
  "agents.mobile.inspection.bounds": "Bounds",
  "agents.mobile.inspection.home_button": "Home",
  "agents.mobile.inspection.save_and_close": "Save & Close",
  "agents.mobile.inspection.update_and_close": "Update & Close",
  "agents.mobile.inspection.change_to_landscape": "Change to Landscape mode",
  "agents.mobile.inspection.change_to_portrait": "Change to Portrait mode",
  "agents.mobile.inspection.save_element": "Save Element",
  "agents.mobile.inspection.save_n_quit": "Save and Quit",
  "message.common.confirmation.warning": "Warning",
  "agents.mobile.inspection.quit_warning": "All Your unsaved work will be erased",
  "agents.mobile.inspection.numbered_quit_warning": "All your {{number}} unsaved elements will be erased",
  "agents.mobile.inspection.optimising_xpath": "Optimizing Xpath",
  "agents.mobile.recorder.connect_to": "Connect to",
  "agents.mobile.recorder.upload_app": "Upload Apps",
  "agents.mobile.recorder.not_upload_list": "Click here to upload app packages",
  "agents.mobile.recorder.add_manually": "Add Manually",
  "agents.mobile.recorder.launch": "Record",
  "agents.mobile.recorder.app.package": "App Package",
  "agents.mobile.recorder.app.activity": "App Activity",
  "agents.devices.actions.name": "Name",
  "agents.devices.actions.view_device": "View Device",
  "agents.devices.actions.stop_device_view": "The device is already being viewed. Click here to stop",
  "agents.devices.actions.unique_id": "Unique Id",
  "agents.devices.actions.model": "Model",
  "agents.devices.actions.info": "Info",
  "agents.mobile.inspection.quit_session": "Quit Session",
  "agents.mobile.inspection.quit": "Quit",
  "agents.mobile.inspection.quit_session_later": "Please wait while we create the session for you. You may close the inspector once the session is started.",
  "agents.edit.title": "Edit Agent",
  "agents.none": "No Agents created yet",
  "agents.search.not_found_for": "No {{FieldName}} Agents found for this search criteria",
  "agents.filter.not_found": "No {{FieldName}} Agents Found",
  "agents.know_more": "Know more about Testsigma Agent",
  "agents.create": "Add a new Agent",
  "agents.download": "Download Agent",
  "agents.delete.success": "Agent deleted successfully",
  "agents.delete.failure": "Failed to delete Agent",
  "agents.form.update.success": "Agent updated successfully",
  "agents.form.create.registering": "Registering your agent...",
  "agents.form.create.failure": "Failed to create Agent",
  "agents.form.create.duplicate": "Another Agent with this name already exists",
  "agents.form.register.success": "Agent created and registered successfully",
  "agents.form.register.failure": "Failed to register Agent",
  "agents.form.register.unreachable.failure": "Unable to reach agent, please check if agent is up and running. Still facing the issue ?",
  "agents.form.already_registered_as_public": "Agent is already registered. If it is not visible in the Agents list, please refresh the page. If the issue still persists, please contact Testsigma support.",
  "agents.form.active_agent_already_present": "Active agent already exists please remove and create a new agent,or contact Testsigma support for any queries.",
  "agents.create.local_machine": "This Machine",
  "agents.mobile.inspection.screen_name.minlength": "Screen Name should have at least 4 characters",
  "runs.title": "Run Results",
  "runs.list_view.last_run": "Last Run",
  "runs.list_view.title": "Title",
  "runs.list_view.test_lab": "Test Lab / Type",
  "runs.list_view.last_run_at": "Last Run at / Duration",
  "runs.list_view.run_later": "Schedule",
  "runs.list_view.run_now": "Run Now",
  "runs.list_view.automated": "Automated",
  "runs.list_view.empty.list": "You currently have no results",
  "runs.details.run_history": "Run History",
  "runs.details.test_case_result": "Test Case Results",
  "runs.details.test_machine_result": "Test Machine Results",
  "runs.details.test_suite_result": "Test Suite Results",
  "runs.details.hint.search_build_no": "Search Build No / Run ID",
  "runs.details.environment": "Environment",
  "runs.details.hint.show_graph": "Show Graph",
  "runs.details.hint.update_build_no": "Update Build No",
  "runs.details.build_no": "Build No",
  "runs.details.hint.delete_run": "Delete this Run",
  "runs.details.summary.info_title": "Run Result Details",
  "run.details.filter_time_period": "Last Time Period",
  "runs.details.filter_by_TODAY": "Today",
  "runs.details.filter_by_LAST_SEVEN_DAYS": "Last 7 Days",
  "runs.details.filter_by_LAST_30_DAYS": "Last 30 Days",
  "runs.details.filter_by_LAST_90_DAYS": "Last 90 Days",
  "runs.details.filter_by_LAST_180_DAYS": "Last 120 Days",
  "test_plan.capture_screenshots": "Capture Screenshots",
  "execution.initiate.success": "Execution started successfully",
  "execution.stopped.success": "Execution stopped successfully",
  "execution.initiate.failure": "Failed to initiate execution",
  "execution.result.running": "Running",
  "execution.result.SUCCESS": "Passed",
  "execution.result.FAILURE": "Failed",
  "execution.result.ABORTED": "Aborted",
  "execution.result.NOT_EXECUTED": "Not Executed",
  "execution.result.QUEUED": "Queued",
  "execution.result.STOPPED": "Stopped",
  "execution.result.test_case.total": "Total Test Cases Count",
  "execution.result.test_step.total": "Total Test Steps Count",
  "execution.result.test_suite.total": "Total Test Suite Count",
  "execution.result.test_machine.total": "Total Test Machine Count",
  "execution.result.PRE_REQUISITE_FAILURE": "Prerequisite Failed",
  "execution.test_plan_type.CROSS_BROWSER": "Cross Browser Testing",
  "execution.test_plan_type.CROSS_DEVICE": "Cross Device Testing",
  "execution.test_plan_type.DISTRIBUTED": "Distributed Testing",
  "execution.lab_type.TestsigmaLab": "Testsigma Lab",
  "execution.lab_type.PrivateGrid": "Private Grid",
  "execution.lab_type.Hybrid": "Local Devices",
  "execution.lab_type.cloud": "Testsigma Cloud",
  "execution.major_test_step.failure.Run_Next_Testcase": "Abort And Run Next Test Case",
  "execution.major_test_step.failure.Run_Next_Step": "Report And Continue Next Test Step",
  "execution.test_case.pre_requisite_failure.Abort": "Abort Test Plan",
  "execution.test_case.pre_requisite_failure.Continue": "Report And Continue Next Test Case",
  "execution.test-case.on_aborted.Reuse_Session": "Clean Up And Reuse Current Session",
  "execution.test-case.on_aborted.Restart_Session": "Start with New Session",
  "execution.test_suite.pre_requisite_failure.Abort": "Abort Test Plan",
  "execution.test_suite.pre_requisite_failure.Continue": "Report And Continue Next Test Suite",
  "execution.recover_actions.re_run_on_failure.ALL_TESTS": "All Test Cases",
  "execution.recover_actions.re_run_on_failure.ONLY_FAILED_TESTS": "Only Failed Test Cases",
  "execution.recover_actions.re_run_on_failure.NONE": "None",
  "execution.recover_actions.re_run_on_failure.ALL_ITERATIONS": "All Iteration",
  "execution.recover_actions.re_run_on_failure.ONLY_FAILED_ITERATIONS": "Only failed Iterations",
  "execution.recover_actions.re_run_on_failure.ONLY_FAILED_ITERATIONS_IN_FAILED_TESTS": "Only failed Iterations in failed Test Cases",
  "execution.visual_testing.false": "Disabled",
  "execution.visual_testing.true": "Enabled",
  "import.label.how_do_we_handle": "How do we handle duplicates ?",
  "import.label.overwrite": "Overwrite",
  "import.label.ignore": "Ignore",
  "recovery_action.Run_Next_Testcase": "Abort and run next Test Case",
  "recovery_action.Run_Next_Step": "Report error and run next Step",
  "on_abort_action.Reuse_Session": "Delete cookies and reuse current session",
  "on_abort_action.Restart_Session": "Start a new session",
  "on_pre_requisite_action.Abort": "Stop Execution",
  "on_pre_requisite_action.Continue": "Report And Continue",
  "results.list_view.no_description": "No Description",
  "results.list_view.auto_refresh": "Auto refreshing this page in",
  "results.list_view.auto_refresh.page": "Auto refreshing",
  "execution.triggered.MANUAL": "Manual",
  "execution.triggered.SCHEDULED": "Scheduled",
  "execution.triggered.API": "API (CI/CD)",
  "result.triggered": "Triggered Type",
  "platform.name.Windows": "Windows",
  "platform.name.Mac": "Mac",
  "platform.name.Linux": "Linux",
  "platform.name.Android": "Android",
  "platform.name.iOS": "iOS",
  "browser.name.GOOGLECHROME": "Google Chrome",
  "browser.name.CHROME": "Chrome",
  "browser.name.FIREFOX": "Mozilla Firefox",
  "browser.name.SAFARI": "Safari",
  "browser.name.EDGE": "Edge",
  "browser.name.INTERNETEXPLORER": "Internet Explorer",
  "execution.type.CROSS_BROWSER": "Cross Browser Testing",
  "execution.type.PARALLEL": "Parallel Testing",
  "execution.type.DISTRIBUTED": "Distributed Testing",
  "result.test_step": "Test Steps",
  "result.test_step.executed": "Test Steps (Executed)",
  "result.test_step.current": "Test Steps (Current)",
  "result.test_cases": "Test Cases",
  "result.hint.click.here.refresh": "Click here to refresh",
  "result.hint.click.here": "Click here",
  "result.hind.to_refresh_the_page": "to refresh the page",
  "result.hint.report.bug": "Report Bug",
  "result.hint.details": "Details",
  "result.start_time": "Start Time",
  "result.name": "Environment Name",
  "result.status": "Status",
  "result.pre_requisite_navigate": "Navigate to Prerequisite",
  "result.result": "Result",
  "result.run_id": "Run #{{id}}",
  "result.message": "Message",
  "result.hint.not_run": "Initiate a run to view results",
  "testcase_result.why_failed": "Why?",
  "test_case_result.details.report_bug.space": "Space",
  "test_case_result.details.report_bug.folder": "Folder",
  "test_case_result.details.report_bug.no_folders_warning": "This Space contains no Folders. Please select another Space or create Folder in your Space in ClickUp",
  "test_case_result.details.report_bug.list": "List",
  "step_result.status": "Status",
  "step_result.step.details.title": "Test Step Details",
  "step_result.screen_short": "Screenshot",
  "step_result.max.waitTime": "Max. wait time",
  "step_result.waitTime": "{{waitTime}} secs.",
  "step_result.error_message": "Error Message",
  "step_result.fix_element": "Fix Element",
  "step_result.metadata": "Metadata",
  "test.step.details.prerequisite_warning.description":"Are you sure you want to disable this Step?",
  "test.step.details.prerequisite_warning.confirmation_note":"This step is a prerequisite for another step in this testcase, disabling it will remove it from being a prerequisite step.",
  "step_result.rest.status.code": "Response Status Code : ",
  "step_result.rest.header.data": "Header Run Time Data : ",
  "step_result.rest.body.data": "Body Run Time Data : ",
  "step_result.hint.edit_element": "Click here to edit Element",
  "step_result.auto_healed.title": "Auto Healing Details",
  "step_result.auto.healed.pass.title": "We have found",
  "step_result.auto.healed.pass.description": "Successful Possibilities",
  "step_result.auto.healed.fail.title": "If you want check other",
  "step_result.auto.healed.fail.description": "Failure Attempts or Not tried Xpaths",
  "step_result.auto.healed.fail.info": "Failed to find a unique element on the web page with the recorded Element. Auto Healing failed due to insufficient details. Following are the locators we tried.",
  "step.condition_type.CONDITION_IF": "If",
  "step.condition_type.CONDITION_ELSE_IF": "Else If",
  "step.condition_type.CONDITION_ELSE": "Else",
  "step.condition_type.LOOP_FOR": "Loop Iteration",
  "step.condition_type.LOOP_WHILE": "Condition",
  "test_step.details.ignore_step_result": "Ignore this step result in Test Case result",
  "test_step.details.ignore_step_result_label": "Ignore",
  "test_step.details.ignore_step_result_hint": "The Test Step with Conditional Type is Enabled by Default",
  "step_result.not_capture.screen_short": "Screenshot has not been captured for this Test Step.<br>Navigate to Test Plan settings to enable capture screenshot option.",
  "step_result.broken.screen_short": "Failed to load the image",
  "step_result.expiry.screen_short": "Screenshots are archived after 30 days.<br> Please contact <a href='mailto:support@testsigma.com' class='text-link pl-4'>support@testsigma.com</a>",
  "step_result.data_set_name": "Data Set Name",
  "step_result.executing.loading.msg": "Execution is in progress. Steps will be visible after completion of the run.",
  "step_result.is_matched": "Condition True",
  "step_result.is_not_matched": "Condition False",
  "element.details.title": "Element Details",
  "element.details.type": "ElementType",
  "element.review.in_review_title": "Review Element",
  "element.name.already.filtered": "Screen name already filtered. List already filtered with screen name!",
  "visual_test.hint.highlight_diff": "Highlight diffs",
  "visual_test.hint.hide_visual_diff": "Hide visual differences",
  "visual_test.hint.show_visual_diff": "Show visual differences",
  "visual_test.hint.ignore_region": "Select region to ignore for visual comparison.",
  "visual_test.hint.update_ignored_region": "Resize/move ignored region",
  "visual_test.hint.remove_ignored_region": "Remove all ignored regions",
  "visual_test.hint.combine": "Compare Base image and Current image",
  "visual_test.title.combine_both": "Combine Both Images",
  "visual_test.title.base_image": "Base Image",
  "visual_test.title.current_image": "Current Image",
  "visual_test.hint.test_steps_list": "Test Steps list",
  "visual_test.message.already_ignore_hint": "Hint: Drag the selected region to update area to be ignored",
  "visual_test.message.already_ignore_message": "Selected region is already ignored for visual comparison. Do you wish to consider this for visual comparison on your successive runs?",
  "visual_test.message.update_ignore": "Do you want to update the region selected to be ignored during visual comparison?",
  "visual_test.message.ignore": "The selected region will be ignored during subsequent visual comparisons. We suggest you to ignore dynamic regions of the web page like loading bar, transient animations, etc.",
  "visual_test.hint.differences": "There are visual differences",
  "visual_test.hint.no_differences": "There is no visual differences",
  "visual_test.message.make_base_image": "Mark as a base image",
  "visual_test.message.title": "Snapshot Diff",
  "runs.details.quick_info.header": "#{{runId}} Run Details",
  "test_machine.details.quick_info.header": "Quick Details",
  "testcase.summary.test_case_priority": "Priority",
  "testcase.summary.test_case_type": "Type",
  "testcase.summary.data_driven": "Data Driven",
  "testcase.summary.test_data_name": "Test Data Name",
  "testcase.summary.latest_run_result": "Latest Run Result",
  "testcase.summary.test_suite_mapping": "Added to Test Suite",
  "testcase.summary.test_case_status": "Status",
  "testcase.prerequisite_linked_with_plans": "This Test Case is used in the below Test Suites, <br> Please confirm to update Test Suite",
  "message.component.delete.failure": "Unable to delete Test case",
  "execution.capture.type.NONE": "None",
  "execution.capture.type.ALL_TYPES": "All Steps",
  "execution.capture.type.FAILED_STEPS": "Failed Steps",
  "execution.run.started.success": "Execution initiated successfully",
  "result.attachment.size": "[ File size < 5 MB ]",
  "result.attachment.no_attachment": "No files added to this result yet",
  "test_step.results.element": "Element",
  "test_step.results.from_element": "From Element",
  "test_step.results.to_element": "To Element",
  "test_step.results.test_data": "Test Data",
  "test_step.results.attribute": "Attribute",
  "test_step.results.disable_label": "Disable Step",
  "test_step.results.ignore_step_result_label": "Ignore this step result in Test Case Result",
  "test_step.results.cant_enable_hint": "The Test Step Cannot be Enabled, as it's Parent Test Step is Disabled",
  "test_step.results.error_code": "Error code",
  "test_step.results.priority": "Priority",
  "test_step.results.prerequisite": "Prerequisite",
  "test_step.clone.failure": "Failed to copy Test Step details.",
  "test_step.template_not_have": "This template may be not available in the current version. Please update Natural Text .",
  "test_step.bulk.update.success": "Test Step details updated successfully .",
  "test_step.bulk.update.Failure": "Failed to update Test Step details.",
  "test_step.copy_as.step_group.success": "Step Group created successfully.",
  "test_step.copy_as.name": "copy of ({{testCaseName}})",
  "chrome.recorder.use": "Use Chrome extension to <a class=\"el-rec-link\" href=\"https://testsigma.com/docs/test-step-recorder/install-chrome-extension/\" target=\"_blank\" rel='noreferrer nofollow'>Record Elements</a> or enter value manually",
  "common.yes": "Yes",
  "common.no": "No",
  "test_step.priority.MAJOR_STOP": "Stop Test Case execution on Test Step failure",
  "test_step.priority.MAJOR": "Major",
  "test_step.type.REST_STEP": "Rest Step",
  "hint.test_data.expected_to_fail": "Expected To Fail",
  "common.place_holder.search": "Search",
  "common.place_holder.search_field": "Search {{fieldName}}",
  "test_plan.type": "Type",
  "test_plan.lab_type": "Test Lab Type",
  "test_plan.name": "Test Plan Name",
  "element.message.name.required": "Element Name is mandatory",
  "element.message.name.minlength": "Element Name should have at least 4 characters",
  "element.message.name.duplicate": "Element already exists",
  "element.message.name.invalid_characters": "Special characters such as {}.+*?^$%`'/()|[] are not allowed in the Element name",
  "element.message.locator_value.required": "{{locatorType}} is mandatory",
  "element.delete.confirmation.message": "Are you sure you want to delete this item?",
  "element.bulk_delete.confirmation.message": "Are you sure you want to delete the selected ( {{selectedElements}} ) Elements?",
  "element.notification.delete.success": "Element deleted successfully",
  "element.notification.delete.failure": "Failed to delete the Element",
  "element.notification.bulk_delete.success": "Selected Elements deleted successfully",
  "element.notification.bulk_delete.failure": "Few Elements that you have selected are already in use and cannot be deleted. Please delete the ones which are in use from your Test Steps and try again.",
  "steps.notification.bulk_delete.failure": "Failed to delete some of the Steps since they are already associated as Prerequisite to some Test Steps.",
  "element.notification.update.success": "Successfully updated the Element",
  "element.notification.update.failure": "Failed to update the Element",
  "element.notification.save.success": "Element saved successfully",
  "element.notification.save.failure": "Failed to save the Element",
  "element.locator_type.xpath": "XPATH",
  "element.locator_type.csspath": "CSS Selector",
  "element.locator_type.id_value": "ID",
  "element.locator_type.name": "Name",
  "element.locator_type.link_text": "Link Text",
  "element.locator_type.partial_link_text": "Partial Link Text",
  "element.locator_type.class_name": "Class Name",
  "element.locator_type.tag_name": "Tag Name",
  "element.locator_type.accessibility_id": "Accessibility ID",
  "element.locator_type.elements": "Elements",
  "element.details.target_element_input": "Target Element",
  "element.details.attribute": "ATTRIBUTE",
  "element.details.operator": "OPERATOR",
  "element.details.value": "VALUE",
  "element.duplicate_element_warning.title": "Warning : Duplicate Element Creation",
  "element.create_confirmation.description": "Are you Sure to Create an element with the <b>'{{elementType}}'</b> value of <b>'{{definition}}'</b> ? <br> Note: There are elements with the <b>'{{elementType}}'</b> value of <b>'{{definition}}'</b>",
  "element.inspector.create_confirmation.description": "By default the Recorder creates an element capture even if its already present,<br> Note: There are elements with the <b>'{{elementType}}'</b> value of <b>'{{definition}}'</b> . Do you want to recreate a new element with the <b>'{{elementType}}'</b> value of <b>'{{definition}}'</b>?",
  "element.create_confirmation_with_screen_name.description":"Are you Sure to Create an element with the <b>'{{elementType}}'</b> value of <b>'{{definition}}'</b> with the <b>Screen Name '{{screenName}}'</b>  ? <br> Note: There are elements with the <b>'{{elementType}}'</b> value of <b>'{{definition}}'</b> with the <b>Screen Name '{{screenName}}'</b>",
  "element.update_confirmation_with_screen_name.description":"Are you Sure to Save this element with the <b>'{{elementType}}'</b> value of <b>'{{definition}}'</b> with the <b>Screen Name '{{screenName}}'</b>  ? <br> Note: There are elements with the <b>'{{elementType}}'</b> value of <b>'{{definition}}'</b> with the <b>Screen Name '{{screenName}}'</b>",
  "element.use_existing_element": "Use the existing Element, and Continue",
  "mobile_recorder.button.tap": "Tap",
  "mobile_recorder.button.send_keys": "Enter Data",
  "mobile_recorder.button.clear": "Clear",
  "mobile_recorder.notification.tap.failure": "Failed to tap on the element",
  "mobile_recorder.notification.swipe.failure": "Failed to Swipe",
  "mobile_recorder.notification.navigate_back.failure": "Failed to Navigate back",
  "mobile_recorder.notification.send_keys.failure": "Failed to enter data into the element",
  "mobile_recorder.notification.clear.failure": "Failed to clear the element's text",
  "mobile_recorder.notification.start.success": "Mobile Inspector started",
  "mobile_recorder.notification.start.failure": "Failed to start Mobile Inspector",
  "mobile_recorder.notification.change_orientation_failed": "Screen orientation cannot be changed.",
  "mobile_recorder.notification.closed": "Mobile Inspector closed",
  "mobile_recorder.notification.stopped.alert": "Mobile Inspector Session Was Closed By a {{userEmail}}, please <a href='https://testsigma.com/docs/troubleshooting/mobile-apps/mobile-recorder-actions-failures/#12--mobile-inspector-session-closed-by-a-colleague' target='_blank'>Click Here</a> to access the Trouble Shooting guide to understand how to fix this",
  "mobile_recorder.notification.tap.out_of_bound.failure": "Tapped point is out of the screen bounds [{{screenWidth}},{{screenHeight}}]. This tap action won't work, please <a href='https://testsigma.com/docs/troubleshooting/mobile-apps/mobile-recorder-actions-failures/#2--tapped-point-is-out-of-the-screen-bounds' target='_blank'>Click Here</a> to access the Trouble Shooting guide to understand how to fix this",
  "mobile_recorder.notification.go_to_home.failure": "Action Failed",
  "mobile_recorder.message.preparing": "<span class=\"text-center\"> Please wait <br>while the Testsigma Mobile Inspector finishes loading <span class=\"loading-dots\"></span></span>",
  "mobile_recorder.message.refresh": "Loading. Please wait...",
  "mobile_recorder.message.error": "Error, please contact support",
  "mobile_recorder.message.session.error": "Error while creating mobile inspector session",
  "mobile_recorder.message.ipa.error": "Select iOS ipa file type based on execution on simulator or real device",
  "mobile_recorder.message.incompatible.error": "Incompatible app and device architecture",
  "mobile_recorder.notification.start.failure_troubleshoot": "Mobile inspector Failed to Load, please <a href='https://testsigma.com/docs/troubleshooting/mobile-apps/failed-to-launch-test-recorder/' target='_blank'>Click Here</a> to access the Trouble Shooting guide to understand how to fix this",
  "mobile_recorder.notification.action.failure_troubleshoot": "Failed to Perform the {{actionType}} action, please <a href='https://testsigma.com/docs/troubleshooting/mobile-apps/mobile-recorder-actions-failures/{{guideLink}}' target='_blank'>Click Here</a> to access the Trouble Shooting guide to understand how to fix this",
  "mobile_recorder.notification.session_expired": "Session expired, please <a href='https://testsigma.com/docs/troubleshooting/mobile-apps/mobile-recorder-actions-failures/#3--mobile-inspection-session-expired' target='_blank'>Click Here</a> to access the Trouble Shooting guide to understand how to fix this",
  "mobile_recorder.notification.start.open_sessions_failure_troubleshoot": "There are already running sessions for the user, please <a href='https://testsigma.com/docs/troubleshooting/mobile-apps/mobile-recorder-actions-failures/#1--there-are-already-running-sessions-for-the-user' target='_blank'>Click Here</a> to access the Trouble Shooting guide to understand how to fix this",
  "agents.devices.actions.mirroring.not_supported": "We currently do no support local iOS device inspection",
  "elements.not.available.screen.name": "There are no ui elements available with searching screen name",
  "project_switcher.save_as_active": "Save as your current project",
  "project_switcher.select_workspace": "Select Workspace",
  "project_switcher.select_version": "Select Version",
  "test_case_result.details.report_bug.title": "Report Bug",
  "test_case_result.details.report_bug.category": "Category",
  "test_case_result.details.report_bug.component": "Component",
  "test_case_result.details.report_bug.version": "Version",
  "test_case_result.details.report_link_bug.title": "Link to existing issue",
  "test_case_result.details.report_create_bug.title": "Create new Issue",
  "test_case_result.details.btn.link_to_existing": "Link To Issue",
  "test_case_result.details.btn.create_new": "Create New",
  "test_case_result.details.btn.unlink": "Unlink Issue",
  "test_case_result.details.un_assignee": "Unassigned",
  "test_case_result.details.project.title": "Project",
  "test_case_result.details.product.title": "Product",
  "test_case_result.details.issue_types": "Issue Type",
  "test_case_result.details.priority": "Priority",
  "test_case_result.details.board": "Board",
  "test_case_result.details.list": "List",
  "test_case_result.details.card": "Card",
  "test_case_result.details.team": "Team",
  "test_case_result.details.projects": "Projects",
  "test_case_result.details.report_bug.search_issue_placeholder": "Search and select existing Issue",
  "test_case_result.details.report_bug.external_application_not_enabled_info": "{{externalApplication}} software is not enabled. By enabling {{externalApplication}} software integration from Configuration -> Plugins, you can create or track issues from Testsigma.",
  "test_case_result.details.report_bug.external_workspace_already_linked": "This failure has already been reported to {{externalApplication}}. If you want to report here, please unlink existing one.",
  "test_case_result.details.report_bug.un_link.success": "Successfully removed the link to your existing bug tracking system",
  "test_case_result.details.report_bug.non_failure_warning": "Test Case Result shows successful test run. Would you still like to proceed to report a bug?",
  "test_case_result.details.description": "Description",
  "plugins.click_up": "ClickUp",
  "plugins.click_up.description": "Enable your team to report a bug on ClickUp, track status and rerun on closure of bug without leaving Testsigma from test case results page.",
  "plugins.message.client_id": "Enter Client Id",
  "plugins.message.client_secret": "Enter Client Secret",
  "plugins.xray.description": "Enable your team to link Testsigma test Cases with Jira Xray and push Execution Results",
  "test_case_result.details.issue": "Issue",
  "test_case_result.details.report_bug.reporter": "Reporter",
  "test_case_result.details.report_bug.issueType": "Type",
  "test_case_result.report_bug.zepel.squad": "Squad",
  "test_case_result.report_bug.zepel.list": "List",
  "test_case_result.report_bug.zepel.item": "Item",
  "test_case_result.report_bug.zepel.todo": "Todo",
  "test_plan.run_results.create_test_plan": "Create Test Plan",
  "test_plan.remove.machine": "Unlink Test Suite from Test Machine",
  "elements.title": "Elements",
  "mobile_recorder.confirm.close.title": "Confirm Close",
  "mobile_recorder.confirm.close.message": "The Inspector has been inactive for {{minutes}} minutes, Can it be Closed?",
  "mobile_recorder.test_steps.title": "Test Steps",
  "mobile_recorder.hint.resume_recording": "Resume Recording",
  "mobile_recorder.hint.pause_recording": "Pause Recording",
  "search.notfound": "No results found for this search criteria",
  "select.search.notfound": "No results found",
  "labels.select.no_tags_msg": "No Labels found. Type to add new",
  "labels.updated.success_msg": "Labels saved successfully",
  "elements.column_name": "Parameter Name",
  "elements.btn.record": "Record",
  "elements.element_name": "Element Name",
  "elements.btn.stop": "Stop",
  "elements.screen_name": "Screen Name",
  "elements.screen_name.un_changed": "Screen Name (unchanged)",
  "elements.form.label.chrome_extension": "Chrome Extension",
  "elements.form.chrome_extension.info": "Open your application in a new tab and click on the element that you would like to capture.",
  "elements.form.chrome_extension.watch_demo": "Watch Demo Video",
  "elements.form.chrome_extension.note": "To ensure high performance, please close all Testsigma browser tabs & windows currently not in use before starting the recording process.",
  "elements.form.chrome_extension.not_have_info": "You will need Testsigmaâ€™s Chrome Extension to capture the elements or actions on your web page.",
  "elements.form.learn_more": "Click here to learn how to create Elements",
  "elements.form.chrome_extension.not_Chrome": "This option is available only for Chrome Browser. Please login to <b>Testsigma</b> using <b>Chrome</b> browser to use this feature.",
  "elements.form.chrome_extension.refresh_ifInstalled": "Refresh, If already installed.",
  "elements.form.chrome_btn": "Install Chrome Extension",
  "step_result.desired.capabilities": "Desired Capabilities",
  "step_result.desired.addon_action_logs": "Addon Action Logs",
  "step_result.app_activity": "App Details",
  "step_result.max_iterations": "Maximum Iterations",
  "elements.created_type": "Type",
  "elements.created_at": "Created Date",
  "elements.form.create_title": "Create Element",
  "elements.form.edit_title": "Edit Element",
  "elements.form.selection.title": "Select Element creation method",
  "elements.form.mobile_inspection.title": "Mobile Inspector Launcher",
  "elements.form.label.manually": "Manually",
  "elements.form.label.element_inspect": "Element Inspector",
  "elements.form.label.xpath": "Enter Value",
  "elements.form.label.locator_type": "Locator Type",
  "elements.form.chrome_extension.note.new": "Note: To ensure high performance, please close all Testsigma browser tabs & windows currently not in use before starting the recording process.",
  "elements.form.element_inspect.step_guide": "Click here for a quick setup guide",
  "elements.form.element_inspect.troubleshoot": "Facing issues with Testsigma Agent? Click here to troubleshoot",
  "elements.form.element_inspect_btn": "Install Testsigma Agent",
  "elements.form.contact_support": "Questions? Contact Testsigma Support.",
  "elements.form.label.target_element": "Target Element",
  "elements.form.label.operator": "Operator",
  "elements.form.label.value": "Value",
  "elements.form.label.attribute": "Attribute",
  "elements.filter.form.placeholder.screen_name": "Search Screen Name",
  "elements.filter.form.placeholder.name": "Search Name",
  "elements.form.btn.launch": "Launch",
  "inspector.test.lab.selection.connect.to": "Connect to",
  "elements.form.btn.view_details": "View details",
  "elements.form.btn.hide_details": "Hide details",
  "elements.filter.form.label.name": "Name",
  "elements.filter.form.label.locatorType": "Type",
  "elements.filter.form.label.screenName": "Screen Name",
  "elements.filter.form.label.labels": "Labels",
  "elements.filter.form.label.unused_elements": "Usage in Test Case",
  "elements.filter.form.placeholder.value": "Search Value",
  "elements.filter.form.label.locator_value": "Value",
  "element.name.invalid.message": "Special characters {}.+*?^$%`'/()| are not allowed in the Element name",
  "why_failed.popup.title": "Why this test case failed?",
  "result.hint.menu_icon": "Menu",
  "dry.testcase.btn.re_run": "Re-Run Test Case",
  "dry.testcase.btn.run": "Run Test Case",
  "suggestion.enable_suggestions": "Enable <b>Suggestions for failures</b> in <b>Preferences</b>",
  "suggestion.engine.note": "Note: If you couldnâ€™t identify the root cause of the failure from the above list of actions, please talk to our support team",
  "suggestion.engine.btn.talk_to_expert": "Talk to Experts",
  "suggestion.engine.btn.email_with_us": "Email Us",
  "suggestion.element_is_hidden": "Hidden Element",
  "suggestion.desc.element_is_hidden": "Check whether the element is in hidden state.",
  "suggestion.element_is_not_interactable": "Check element is not interactable",
  "suggestion.desc.element_is_not_interactable": "Check whether the element is in interactable state. Element should not be disabled, hidden or under an overlay.",
  "suggestion.iframe": "Element inside an iframe ?",
  "suggestion.desc.iframe": "Check whether the element is in any of the iframes in this page.",
  "suggestion.buttons_with_title": "Buttons with title",
  "suggestion.desc.buttons_with_title": "Check for Buttons with title",
  "suggestion.links_with_title": "Links with title",
  "suggestion.desc.links_with_title": "Links with title",
  "suggestion.checkbox_list": "getting check boxes list",
  "suggestion.desc.checkbox_list": "Number check boxes in the page: ",
  "suggestion.tag_name": "getting tag name",
  "suggestion.desc.tag_name": "getting tag name",
  "suggestion.element_is_not_input": "Checking whether the element is not input",
  "suggestion.desc.element_is_not_input": "Checking whether the element is not input",
  "suggestion.window_count": "getting total windows count",
  "test_suite.notification.bulk_delete.failure": "Few Test Suites that you have selected are already in use and cannot be deleted. You may delete the ones in use from your Test Plan.",
  "test_case.prerequisite.update.success": "The Test Case {{CaseName}} and {{suites}} have been updated with the new suite settings.",
  "elements.name": "Element Name",
  "elements.locator_type": "Locator Type",
  "elements.locator": "Locator",
  "elements.created_type": "Creation Method",
  "elements.assignee": "Assignee",
  "elements.reviewer": "Reviewer",
  "elements.status": "Element Review Status",
  "element.details": "Element Details",
  "element.step.not_found": "No Element found for selected Test Step. Please select another Step with Element to view details",
  "suggestion.desc.window_count": "getting total windows count",
  "suggestion.window_title": "getting current window title",
  "suggestion.desc.window_title": "getting current window title",
  "suggestion.select_option_count": "getting list of options count in select box",
  "suggestion.desc.select_option_count": "getting list of options count in select box",
  "suggestion.select_option_values": "get list of option values in select box",
  "suggestion.desc.select_option_values": "get list of option values in select box",
  "suggestion.radio_button_with_text": "get list of radio buttons with text",
  "suggestion.desc.radio_button_with_text": "get list of radio buttons with text",
  "suggestion.element_attributes": "get list of element attributes",
  "suggestion.desc.element_attributes": "get list of element attributes",
  "suggestion.list_of_frames": "iframes",
  "suggestion.desc.list_of_frames": "List iframes in the Page :- ",
  "suggestion.css_styles": "get list of styles in an element",
  "suggestion.desc.css_styles": "get list of styles in an element",
  "suggestion.new_window_openable_links": "get list of openable links in a page",
  "suggestion.desc.new_window_openable_links": "get list of openable links in a page",
  "suggestion.desc.element_text": "get element text",
  "suggestion.element_text": "get element text",
  "suggestion.element_value": "get element value",
  "suggestion.desc.element_value": "get element value",
  "suggestion.current_page_title": "get current page title",
  "suggestion.desc.current_page_title": "get current page title",
  "suggestion.links_with_text": "get all links with text",
  "suggestion.desc.links_with_text": "get all links with text",
  "suggestion.test_boxes_with_lablel": "text boxes with label",
  "suggestion.desc.test_boxes_with_lablel": "text boxes with label",
  "suggestion.button_with_text": "get the text of button",
  "suggestion.desc.button_with_text": "get the text of button",
  "suggestion.all_text_boxes": "All select elements with label",
  "suggestion.desc.all_text_boxes": "Get all the list boxes with the label.",
  "suggestion.getTextAreasWithLabel": "All text areas with label",
  "suggestion.desc.getTextAreasWithLabel": "Get all the textarea with the label.",
  "suggestion.getTextAreaWithText": "All text area with text",
  "suggestion.desc.getTextAreaWithText": "Get all the textarea with the given text.",
  "suggestion.getTextAreasWithPlaceholder": "All text area with place holder",
  "suggestion.desc.getTextAreasWithPlaceholder": "Get all the textarea with the given placeholder.",
  "suggestion.getButtonWithText": "Button with text",
  "suggestion.desc.getButtonWithText": "Get all the buttons with the given text.",
  "suggestion.getAllTextBoxes": "All text boxes",
  "suggestion.desc.getAllTextBoxes": "Get all the text boxes.",
  "suggestion.all_images_with_alt_text": "Get all images with alt text",
  "suggestion.desc.all_images_with_alt_text": "Get all the images with the given alt text.",
  "suggestion.getAllImagesWithAltTitle": "Get all images with alt title",
  "suggestion.desc.all_images_with_alt_title": "Get all the images with the given alt title.",
  "suggestion.all_images_with_alt_title": "Get all buttons with title",
  "suggestion.desc.getAllButtonWithTitle": "Get all the buttons with the given title.",
  "suggestion.all_elements_with_title": "Get all elements with title",
  "suggestion.desc.all_elements_with_title": "Get all the elements with the given title.",
  "suggestion.all_text_box_with_title": "Get all text box elements with title",
  "suggestion.desc.all_text_box_with_title": "Get all the text box elements with the given title.",
  "suggestion.all_list_boxes_with_title": "Get all select elements with title",
  "suggestion.desc.all_list_boxes_with_title": "Get all the list boxes with the given title.",
  "suggestion.list_boxes_with_text": "Get all select elements with text",
  "suggestion.desc.list_boxes_with_text": "Get all the list boxes with the given text.",
  "suggestion.password_fields_with_label": "Check for password fields with label",
  "suggestion.desc.password_fields_with_label": "Get all the password fields with the label.",
  "suggestion.all_password_fields_with_text": "Check for all password fields with text",
  "suggestion.desc.all_password_fields_with_text": "Get all the password fields with the given text.",
  "suggestion.all_password_fields_with_placeholders": "Check for all password fields with placeholders",
  "suggestion.desc.all_password_fields_with_placeholders": "Get all the password fields with the given placeholder.",
  "suggestion.all_password_fields_with_title": "Check for all password fields with title",
  "suggestion.desc.all_password_fields_with_title": "Get all the password fields with the given title.",
  "suggestion.emails_with_label": "Check for all email fields with label",
  "suggestion.desc.emails_with_label": "Get all the email fields with the label.",
  "suggestion.all_email_with_text": "Checking for email fields with same text",
  "suggestion.desc.all_email_with_text": "Get all the email fields with the given text.",
  "suggestion.emails_with_placeholders": "Checking for email fields with same placeholders",
  "suggestion.desc.emails_with_placeholders": "Get all the email fields with the given placeholder.",
  "suggestion.emails_with_title": "Checking for email fields with title",
  "suggestion.desc.emails_with_title": "Get all the email fields with the given title.",
  "suggestion.date_with_label": "Checking for date fields with label",
  "suggestion.desc.date_with_label": "Get all the dates fields with the given label.",
  "suggestion.dates_with_text": "Checking for date fields with text",
  "suggestion.desc.getAllDatesWithText": "Get all the date fields with the given text.",
  "suggestion.dates_with_placeholders": "Checking for date fields with placeholders",
  "suggestion.desc.dates_with_placeholders": "Get all the dates fields with the given placeholder.",
  "suggestion.dates_with_title": "Checking for dates with title",
  "suggestion.desc.dates_with_title": "Get all the date fields with the given title.",
  "suggestion.check_boxes_with_label": "Check for checkbox elements with label",
  "suggestion.desc.check_boxes_with_label": "Get all the check box elements with the label.",
  "suggestion.scrollinsideframe":"Scroll the element inside the iframe",
  "suggestion.desc.scrollinsideframe":"Scroll the element inside the iframe",
  "suggestion.check_boxes_with_text": "Check for all checkbox elements with text",
  "suggestion.desc.check_boxes_with_text": "Get all the check box elements with the given text.",
  "suggestion.check_boxes_with_title": "Check for all checkbox elements with title",
  "suggestion.desc.check_boxes_with_title": "Get all the check box elements with the given title.",
  "suggestion.radio_button_with_label": "Check for all checkbox elements with label",
  "suggestion.desc.radio_button_with_label": "Get all the radio button elements with the label.",
  "suggestion.radio_button_with_title": "Check for all checkbox elements with title",
  "suggestion.desc.radio_button_with_title": "Get all the radio button elements with the given title.",
  "suggestion.text_boxes_with_text": "Check for all text area elements with text",
  "suggestion.desc.text_boxes_with_text": "Get all the text box elements with the given text.",
  "suggestion.text_boxes_with_place_holder": "Check for all text area elements with placeholder",
  "suggestion.desc.text_boxes_with_place_holder": "Get all the text box elements with the given placeholder.",
  "suggestion.all_rows": "Check for all rows",
  "suggestion.desc.all_rows": "Get all the rows.",
  "suggestion.getSelectOptions": "Check for all select options",
  "suggestion.desc.getSelectOptions": "Get all the options in the select list.",
  "suggestion.getButtonsWithLabel": "Check for button with labels",
  "suggestion.desc.getButtonsWithLabel": "Get all the buttons with the label.",
  "suggestion.all_cookies": "Check for all cookies",
  "suggestion.desc.all_cookies": "List of Cookies present :",
  "suggestion.getCurrentPageUrl": "Check for current page URL",
  "suggestion.desc.getCurrentPageUrl": "Get the current page URL.",
  "suggestion.input_boxes": "Check for all input boxes",
  "suggestion.desc.input_boxes": "Get all the input boxes in the page.",
  "suggestion.radio_buttons": "Check for all radio buttons",
  "suggestion.desc.radio_buttons": "Get all the radio buttons in the page.",
  "suggestion.select_list_with_options": "Check for selected options",
  "suggestion.alert_does_not_exist": "alert does not exist",
  "suggestion.desc.alert_does_not_exist": "alert does not exist",
  "suggestion.desc.select_list_with_options": "Get all the selected options in the select list.",
  "suggestion.elements_with_class": "Check for Class Attribute",
  "suggestion.desc.elements_with_class": "Get all the Elements with the given value for class.",
  "suggestion.getPageText": "Check page text",
  "suggestion.desc.page_text": "Get the text content of the page",
  "suggestion.elements_with_text": "Check Element Text",
  "suggestion.desc.elements_with_text": "Get all the Elements with the given text.",
  "suggestion.elements_with_label": "Check Element Label",
  "suggestion.desc.elements_with_label": "Get all the Elements with the given label.",
  "suggestion.all_elements_with_same_place_holder": "Check Element Placeholder",
  "suggestion.desc.all_elements_with_same_place_holder": "Get all the Elements with the given placeholder.",
  "suggestion.elements_with_same_text_contains": "Check Element Text",
  "suggestion.desc.elements_with_same_text_contains": "Get all the Elements containing given text.",
  "suggestion.elements_with_label_contains": "Check Element Label",
  "suggestion.desc.elements_with_label_contains": "Get all the Elements containing given label.",
  "suggestion.elements_with_title_contains": "Check Element Title",
  "suggestion.desc.elements_with_title_contains": "Get all the Elements containing given title.",
  "suggestion.elements_with_preceeding_text": "Check Element Preceding Text",
  "suggestion.desc.elements_with_preceeding_text": "Get all the Elements with the given text preceding the element.",
  "suggestion.elements_text_in_iframes": "Check Element Text in all iframes",
  "suggestion.desc.elements_text_in_iframes": "Get all the Elements with the given text from all iframes in the page.",
  "suggestion.elements_in_iframe_with_title": "Check Element Title in all iframes",
  "suggestion.desc.elements_in_iframe_with_title": "Get all the Elements with the given title from all iframes in the page.",
  "suggestion.element_label_with_iframes": "Check Element Label in all iframes",
  "suggestion.desc.element_label_with_iframes": "Get all the Elements with the given label from all iframes in the page.",
  "suggestion.element_with_placeholder_with_iframes": "Check Element Placeholder in all iframes",
  "suggestion.desc.element_with_placeholder_with_iframes": "Get all the Elements with the given placeholder from all iframes in the page.",
  "suggestion.alert_exists": "Alert Exists",
  "suggestion.desc.alert_exists": "Page has an Alert Popup",
  "suggestion.alert_does_not_exists": "Alert doesn't Exist",
  "suggestion.desc.alert_does_not_exists": "Page doesn't have Alert Popup",
  "suggestion.modal_exists": "Modal Exists",
  "suggestion.desc.modal_exists": "Page has an Modal Popup",
  "suggestion.page_loading": "Wait till the Page loads Completely",
  "suggestion.desc.page_loading": "Wait till the Page loads Completely",
  "suggestion.invalid_selector": "Invalid Selector",
  "suggestion.desc.invalid_selector": "Invalid Selector / Element",
  "suggestion.element_type": "Get Element Type",
  "suggestion.desc.element_type": "Element Type : ",
  "suggestion.current_page_url": "Get Current Page Url",
  "suggestion.desc.current_page_url": "Current Page Url : ",
  "manual.status.update_form.info": "Updating Test Case status will update the status of all the queued child test steps forcibly. The test suite result will be updated only when the status of all the child Test Cases are updated.",
  "manual.status.update_form.title": "Update {{Page}}",
  "schedule.plan.title": "Schedule Test Plan",
  "schedule.edit.title": "Edit Schedule",
  "schedule.plan.note_prefix": "There are",
  "schedule.plan.note_count": "{{Count}} active",
  "schedule.plan.note_suffix": "schedules for this Test Plan.",
  "schedule.plan.description": "Description (Optional)",
  "schedule.plan.btn": "Schedule",
  "schedule.plan.invalid_time": "Selected date & time must be greater than current date & time",
  "testcase.status.update.title": "Test Case Status",
  "testcase.status.update.btn": "Status",
  "testcase.list.test_data": "Test Data Profile",
  "testcase.list.hint.step_group": "Step Group",
  "testcase.list.tags": "Labels",
  "testcase.label": "Test Case",
  "testcase.list.created_date_placeholder": "Select Created Date range",
  "testcase.list.updated_date_placeholder": "Select Updated Date range",
  "testcase.list.filter.title": "Filters",
  "testcase.list.start_date": "Start date",
  "testcase.list.end_date": "End date",
  "filter.name": "View Name",
  "filter.visibility": "Visible To",
  "filter.created.success": "{{name}} view created successfully.",
  "filter.saved.success": "{{name}} view updated successfully.",
  "filter.delete.success": "{{name}} view deleted successfully.",
  "filter.save.title": "Save Filter",
  "filter.save_as.title": "Save Filter As",
  "filter.visibility_make_public": "Mark as Public (Visible for all users who have access to this project)",
  "test_step.help.hint.sample": "Samples",
  "test_step.example.title": "Examples",
  "test_step.example.search_placeholder": "Search your actions",
  "testcase.details.step_group.test_cases": "Test Cases",
  "testcase.details.dry_runs": "Dry Runs",
  "testcase.details.dry_runs.name": "Dry Run #{{index}}",
  "testcase.details.dry_runs.re-run": "Re-Run",
  "testcase.details.search_action_action": "Search Action Text",
  "testcase.details.step_create_group": "{{Name}} Step Group",
  "testcase.details.step_bulk_update": "Bulk Update",
  "testcase.details.step_group.no_test_case": "No Test Case uses this Step Group.",
  "testcase.list.not_found": "No {{categoryType}} {{type}} yet",
  "test_step.max_wait_time.info": "< 120 seconds",
  "test_step.max_wait_time.error": "Enter valid wait time between 1 to 120 seconds",
  "test_step.max_iterations.error": "Enter valid maximum iterations (1 to 100)",
  "testcase.summary.labels": "Labels",
  "testcase.summary.priority": "Test Case Priority",
  "testcase.summary.type": "Test Case Type",
  "testcase.summary.data_profile": "Data Profile",
  "testcase.summary.title": "Test Case Details",
  "testcase.details.step_group.edit_step.warning": "Any edits made to the step group will reflect in all test cases that use this step group",
  "test_step.for_loop.profile.none": "No Test Data Profiles available.",
  "test_step.for_loop.profile.none_mgs": "to create now.",
  "test_step.for_loop.profile_title": "Test Data Profile:",
  "test_step.for_loop.start": "Loop Start",
  "test_step.for_loop.end": "Loop End",
  "test_step.for_loop.option_end": "End",
  "test_step.for_loop.option_start": "Start",
  "test_step.re_usable.none": "Step Groups not created yet/not in Ready state.",
  "test_step.re_usable.none_msg": "to check the status if already created.",
  "test_step.re_usable_none.msg": "to create one. or",
  "test_step.step_group.hide_steps": "Hide Step Group Steps",
  "test_step.step_group.show_steps": "Show Step Group Steps",
  "test_step.step_group.view_details": "View Step Group Details",
  "test_step.for_loop.title": "For Loop",
  "elements.form.attributes.operator.=": "Equals",
  "elements.not_created": "No Elements have been created",
  "elements.linked_with_cases": "This Test Suite is used in the below Test plans,<br>Please remove the mapping and try again.",
  "elements_linked_with_cases": "This Element is used in the below Test Cases,<br>Please remove the mapping and try again.",
  "step_is_prerequisite_to_another_step": "This Step is used as Prerequisite in below steps,<br>Please remove the mapping and try again.",
  "test_case_type.linked_with_test_cases": "This Test Case Type is used in the below Test cases,<br>Please remove the mapping and try again.",
  "elements.filter.screen_name.tooltip": "Click to filter by screen name",
  "bulk.update.as_it_is": "Leave as it is",
  "add_labels.title": "Add Labels",
  "add_labels.form.label": "Labels",
  "testcase.details.steps.re-oder": "Reorder",
  "testcase.details.steps.add_a_step": "+ Add Step",
  "testcase.details.steps.add_a_step_inside": "+ Add a Step Inside",
  "testcase.details.steps.add_a_break": "+ Add Break",
  "testcase.details.steps.add_a_continue": "+ Add Continue",
  "testcase.details.steps.add_a_condition": "+ Add Condition",
  "testcase.details.steps.re-order.success": "Successfully reordered steps. We advice you to perform dry runs and verify the steps.",
  "testcase.details.steps.re-order.failure": "Failed to reorder steps.",
  "testcase.details.steps.add_conditional_if": "Add conditional IF",
  "testcase.details.steps.conditional_if": "Conditional IF",
  "testcase.details.steps.conditional_else_if": "Conditional ELSE IF",
  "ad_hoc.title": "Ad-hoc Run",
  "ad_hoc.save_config": "Favorites",
  "ad_hoc.saved_config.update": "Update Config",
  "ad_hoc.saved_config.save_as": "Save As Favorite",
  "ad_hoc.empty_elements": "Unable to run the test. The test case contains steps with empty Elements - <span class='rb-semi-bold'>{{fieldNames}}</span>. Please update those and try running again.",
  "ad_hoc.invalid_url": "Unable to run the Test. The Test Case contains Navigate Step with Local URLs - <span class='f-semi-bold text-break'>{{fieldNames}}</span> which cannot be accessed using Test Lab Type 'Testsigma Lab'. Please select the 'Hybrid' option in Test Lab Type to run the tests locally. Learn more - <a href=\"https://testsigma.com/docs/faqs/web-apps/why-cloud-devices-cannot-access-local-apps/\" target=\"_blank\" class='text-link'>Why Cloud Test Environments can't access Locally hosted Applications?</a>",
  "ad_hoc.inactive_agents": "Provided agent is Not Active Please choose another Test Machine to run the Test Case or Restart your agent.",
  "hint.message.ad_hoc.saved_config.list": "Manage Favorite Ad-hoc Run Configs",
  "ad_hoc.btn.create_run": "Run Now",
  "test_plan.enable_visual_testing": "Enable Visual Testing",
  "test_step.results.visual_enabled_label": "Enable Visual Testing for this step",
  "test_plan.retry_device_allocation": "Retry Device Allocation",
  "test_plan.environment.lab.title": "Select Test Lab",
  "test_plan.environment.machine.title": "Select Test Machines",
  "test_plan.environment.device.title": "Select Test Device",
  "test_plan.environment.test_machine": "Test Machine",
  "test_plan.environment.test_machine_suites": "Test Machine & Suites",
  "test_plan.environment.test_device_suites": "Test Device & Suites",
  "test_plan.environment.test_device": "Test Device",
  "test_plan.environment.selected_os": "Select OS",
  "test_plan.environment.os_version": "OS Version",
  "test_plan.environment.device.name": "Device Name",
  "test_plan.environment.selected_browser": "Select Browser",
  "test_plan.environment.browser": "Browser",
  "test_plan.environment.selected_version": "Browser Version",
  "test_plan.environment.resolution": "Resolution",
  "test_plan.environment.additional.settings.title": "Additional Settings",
  "test_plan.environment.recover_actions.title": "Recovery Actions",
  "test_plan.environment.desired_capabilities.title": "Desired Capabilities (Optional)",
  "test_suites.prerequisite_linked_with_plans": "This Test Suite is used in the below Test plans, <br> Please confirm to update Test plans with new suite settings",
  "test_suite.prerequisite_change_warning": "Warning: Prerequisite changed",
  "test_suite.prerequisite.update.success": "The Test Suite {{SuiteName}} and {{executions}} have been updated with the new suite settings and they will reflect from the next run.",
  "test_plan.environment.desired_capabilities.type.java.lang.String": "String",
  "test_plan.environment.desired_capabilities.type.int": "Integer",
  "test_plan.environment.desired_capabilities.type.boolean": "Boolean",
  "test_plan.environment.recover_actions.on_test_suite_pre_requisite_failure": "On Test Suite Prerequisite Failure",
  "test_plan.environment.recover_actions.on_test_step_pre_requisite_failure": "On Test Step Pre Requisite Failure",
  "test_plan.environment.recover_actions.on_major_step_failure": "On Major Test Step Failure",
  "test_plan.environment.recover_actions.on_test_case_pre_requisite_failure": "On Test Case Prerequisite Failure",
  "test_plan.environment.recover_actions.on_aborted": "On Test Case Abort",
  "test_plan.environment.recover_actions.re_run_failure_action": "Rerun on failure",
  "test_plan.selected_suites.empty": "There are no Test Suites Selected",
  "test_plan.available_suites.all_selected": "All Test Suites Selected",
  "test_plan.environment.select_suite.title": "Selected Test Suites",
  "test_plan.environment.select_suite.run_at_testcase_level": "Reset Session for Every Test Case",
  "test_plan.environment.select_suite.run_in_parallel": "Run Test Suites in Parallel",
  "test_plan.environment.select_suite.add": "Add Test Suites",
  "test_plan.environment.available_suites": "Available Test Suites ({{loadedCount}}/{{count}})",
  "test_plan.environment.selected_suites": "Selected Test Suites ({{count}})",
  "test_plan.environment.no_available_suites": "Available Test Suites",
  "test_plan.environment.settings.screen_short": "Capture Screenshots",
  "test_plan.environment.settings.environments": "Environments",
  "test_plan.environment.settings.element_timeout": "Element Timeout",
  "test_plan.environment.settings.page_timeout": "Page Load Timeout",
  "test_plan.application.path_type.USE_PATH": "Use Path",
  "agents.mobile.inspection.step_record_title": "Record Test Steps",
  "test_plan.application.path_type.UPLOADS": "Use Uploads",
  "test_plan.hybrid.match_browser_version": "Run only if the configured browser version is available in the Agent machine",
  "test_plan.testsigmalab.requires_access_to_cloud": "Testsigma Lab requires access to Testsigma Cloud. ",
  "test_plan.testsigmalab.learn_more": "Learn more ",
  "test_plan.testsigmalab.register": " to register",
  "test_plan.testsigmalab.enable": " to enable other storage services.",
  "test_plan.testsigmalab.communityEdition": "about Community Edition Cloud.",
  "test_suite.form.add_test_case_validation":"Please add a minimum of 1 Test Case to create a Test Suite",
  "agents.mobile.inspection.quit": "Quit",
  "agents.mobile.inspection.quit_warning": "All Your unsaved work will be erased",
  "agents.mobile.inspection.numbered_quit_warning": "All your {{number}} unsaved elements will be erased",
  "dry_test_plan.testsigamlab.requires_access_to_cloud": "To use Testsigma Lab, you need to register for the free <b>Community Edition Cloud</b> services.",
  "test_plan.test_plan_settings.additional_settings.visual_testing_hint": "Visual Testing requires access to Testsigma Cloud. ",
  "test_plan.test_plan_settings.additional-seeting.visual_testing_hint_learn_more":" to register. <a class='rb-medium' target='_blank' href='{{LINK_LEARN_MORE}}'> Learn more</a> about Community Edition Cloud",
  "test_plan.test_plan_serttings.additional-settings.visual_testing_hint_learn_more":" to learn more about Community Edition Cloud.",
  "test_plan.application.path_type.USE_PATH.placeholder": "Publicly accessible URL (https://dropbox.com/awesome_app.apk)",
  "test_plan.application.path_type.USE_PATH.placeholder_ipa": "Publicly accessible URL (https://dropbox.com/awesome_app.ipa)",
  "test_plan.application.path_type.APP_DETAILS": "Use Details",
  "test_plan.application.path_type.APP_DETAILS.placeholder_bundle_id": "com.apple.pages",
  "test_plan.application.path_type.APP_DETAILS.app_id": "Vendor Provided App Unique Identifier.",
  "test_plan.application.path_type.APP_DETAILS.placeholder_package_apk": "com.google.android.youtube",
  "test_plan.application.path_type.APP_DETAILS.placeholder_activity": "com.myapp.mainActivity",
  "test_plan.app_details.bundle_id": "Bundle Id",
  "test_plan.app_details.app_id": "Id",
  "test_plan.environments.testing_type": "Testing Type",
  "test_plan.environments.cross_browser_testing": "Cross Browser Testing",
  "test_plan.environments.cross_device_testing": "Cross Device Testing",
  "test_plan.environments.distributed_testing": "Distributed Testing",
  "test_plan.environments.configuration.title.add": "Add Configuration",
  "test_plan.environments.configuration.title.edit": "Edit Configuration",
  "test_plan.environments.no_of_suites": "{{count}} Test Suites",
  "test_plan.notifications.title": "Send Notification When",
  "test_plan.notifications.email_us": "email us",
  "test_plan.notifications.send_message_to": "and send message to",
  "plugins.MS_Teams_Connector": "MS Teams",
  "plugins.ms_teams_connector.description": "Connect to Microsoft Teams to get notifications for your run instantly.",
  "plugins.GoogleChat": "Google Chat",
  "plugins.google_chat.description": "Connect to Google Chat to get notifications for your run instantly.",
  "plugins.Slack": "Slack",
  "plugins.message.username": "Enter User Name",
  "plugins.message.url": "Enter Valid Url",
  "plugins.message.api": "Enter API key",
  "plugins.message.token": "Enter Access Token",
  "plugins.message.confirmToken": "Confirm Token Must Match",
  "plugins.slack.description": "Connect to Slack to get notifications for your run instantly.",
  "plugins.jira.description": "Enable your team to stay connected to your favorite Atlassian Jira Product, to raise bugs, check status and rerun on closure of bugs, etc.",
  "plugins.freshrelease": "Freshrelease",
  "plugins.mantis.description": "Enable your team to report a bug on Mantis Bug Tracker, track status and rerun on closure of bug without leaving Testsigma from the test case results page.",
  "plugins.freshrelease.description": "Enable your team to report a bug on Freshrelease, track status and rerun on closure of bug without leaving Testsigma from the test case results page.",
  "plugins.backLog.description": "Enable your team to report a bug on Backlog, track status and rerun on closue of bug without leaving Testsigma from the test case results page.",
  "plugins.zepel.description": "Enable your team to report a bug on Zepel, track status and rerun on closure of bug without leaving Testsigma from the test case results page.",
  "plugins.bugzilla.description": "Enable your team to report a bug on BugZilla, track status and rerun on closure of bug without leaving Testsigma from the test case results page.",
  "plugins.trello.description": "Enable your team to report a bug on Trello, track status and rerun on closure of bug without leaving Testsigma from the test case results page.",
  "plugins.azure": "Azure DevOps Boards",
  "plugins.azure.cicd": "Azure DevOps",
  "plugins.azure.bamboo": "Bamboo",
  "plugins.azure.aws": "AWS",
  "plugins.azure.travisCI": "TravisCI",
  "plugins.azure.circleCI": "CircleCI",
  "plugins.message.no_previous_issues": "No Issues available to select",
  "plugins.description.azureDevOps": "Azure DevOps has robust integrations with Azure and a comprehensive suite of technologies that help you deliver software securely and quickly. Combine Azure DevOps with Testsigma to match your unique workflow, then seamlessly integrate them on Azure.",
  "plugins.azure.description": "Enable your team to report a bug on Azure DevOps Boards, track status and rerun on closure of bug without leaving Testsigma from the test case results page.",
  "plugins.description.circleCI": "CircleCI allows teams to rapidly release code they trust by automating the build, test, and delivery process for both mobile and web apps. Testsigma offers seamless integration with CircleCI.",
  "plugins.description.bamboo": "By integrating Testsigma application with Bamboo, you can seamlessly view and monitor the status of your Bamboo builds and deployments without leaving your Testsigma projects. ",
  "plugins.description.aws": "Utilise the power of AWS Cloud by integrating your Testsigma application with Amazon Web Services. ",
  "plugins.description.travisCI": "Travis CI enables your team to test and ship your apps with confidence. Easily sync your Testsigma projects with Travis CI and you'll be testing your code in minutes.",
  "plugins.description.jenkins": "Integration of Jenkins with Testsigma helps you to run your scripts whenever there is a change in software code. Jenkins helps to schedule your build to run the test cases from a batch file, save your test reports and the execution history.",
  "plugins.description.code_ship": "Codeship helps to release software quickly, automatically and multiple times a day. It integrates with Testsigma, automatically deploying when tests pass and notifying you when tests or deployments have failed.",
  "plugins.linear": "Linear",
  "plugins.linear.description": "Enable your team to report a bug on Linear, track status and rerun on closure of bug without leaving Testsigma from test case results page.",
  "plugins.youtrack": "YouTrack",
  "plugins.youtrack.description": "Enable your team to report a bug on YouTrack, track status and rerun on closure of bug without leaving Testsigma from the test case results page.",
  "plugins.testsigma_lab": "Testsigma Lab",
  "plugins.testsigma_lab.description": "Connect to your Tesigma Lab account as your test lab on cloud.",
  "plugins.private_lab": "Private Grid",
  "plugins.private_lab.description": "Connect to your Private Selenium Grid Lab / Appium Grid account as your test lab on cloud.",
  "plugins.jenkins": "Jenkins",
  "plugins.code_ship": "CodeShip CI",
  "plugins.test_project": "TestProject",
  "plugins.test_project_report": "Import project from TestProject",
  "step.action.label": "Natural Language",
  "step.group.label": "Step Group",
  "step.rest.label": "RESTful API",
  "step.for.label": "For Loop",
  "step.while.label": "While Loop",
  "step.conditional_if.label": "Conditional If",
  "step.title.place_holder": "Enter your title here",
  "step.create.help.note": "Click here to know how to add a Test Step",
  "rest.step.request_details": "Request Details",
  "rest.step.verify_response": "Verify Response",
  "rest.step.store_response": "Store Response",
  "rest.step.url_place_holder": "app.example.com",
  "rest.step.btn.send": "Send",
  "rest.step.btn.sending": "Sending...",
  "rest.step.headers": "Headers",
  "rest.step.status_code": "Expected Status Code",
  "rest.step.header_content": "Expected Header Content",
  "rest.step.body_compare_type": "Body Compare Type",
  "rest.step.body_content": "Expected Body Content",
  "rest.step.runtime_head": "Header Runtime Data",
  "rest.step.runtime_body": "Body Runtime Data",
  "rest.step.preview": "Response Preview",
  "rest.step.allow_redirect": "Automatically follow redirects",
  "rest.step.method.GET": "GET",
  "rest.step.method.POST": "POST",
  "rest.step.method.PUT": "PUT",
  "rest.step.method.PATCH": "PATCH",
  "rest.step.method.DELETE": "DELETE",
  "rest.step.method.HEAD": "HEAD",
  "rest.step.payload": "PayLoad",
  "res.step.authorization.title": "Authorization",
  "rest.step.authorization.NONE": "None",
  "rest.step.authorization.BASIC": "Basic",
  "rest.step.authorization.BEARER": "Bearer",
  "rest.step.place_holder.user_name": "User Name",
  "rest.step.place_holder.password": "Password",
  "rest.step.place_holder.token": "Token",
  "rest.step.expected_result.status": "Status",
  "rest.step.expected_result.head": "Header",
  "rest.step.expected_result.body": "Body",
  "rest.step.expected_result.all": "All",
  "rest.step.compare_type.STRICT": "Strict",
  "rest.step.compare_type.LENIENT": "Lenient",
  "rest.step.compare_type.NON_EXTENSIBLE": "Non Extensible",
  "rest.step.compare_type.STRICT_ORDER": "Strict order",
  "rest.step.compare_type.JSON_SCHEMA": "JSON schema",
  "rest.step.compare_type.JSON_PATH": "JSON path",
  "rest.step.store": "Store response as meta data in step result.",
  "rest.step.placeholder.JSON_PATH": "JSON Path",
  "rest.step.placeholder.header_name": "Header Name",
  "rest.step.placeholder.header_value": "Header Value",
  "rest.step.placeholder.variable_name": "Variable Name",
  "rest.step.placeholder.expected_value": "Expected Value",
  "rest.step.json_path.help_msg": "to know more about JSON Path",
  "test_data_profiles.title": "Test Data Profiles",
  "test_data_profiles.linked_with_cases": "This Test Data Profile is used in the below Test Cases,<br>Please remove the mapping and try again.",
  "test_data_profiles.bulk_delete.confirmation.message": "Are you sure you want to delete the selected ( {{selectedDataProfiles}} ) Test Data Profiles?",
  "test_data_profiles.table.header.serial_number": "S.No",
  "test_data_profiles.table.header.set_name": "Set Name",
  "test_data_profiles.table.header.set_description": "Set Description",
  "test_data_profiles.table.header.expected_to_fail": "Expected To Fail",
  "test_data_profiles.create.title": "Create Test Data Profile",
  "test_data_profiles.test_data_tabs.title.data_list": "Data Sets",
  "test_data_profiles.list_view.empty.list": "You currently have no Test Data Profiles",
  "test_data_profiles.list_view.empty.filtered_list": "You have no Test Data Profiles matching the current filter",
  "test_data_profiles.show_advance": "Show Advanced Options",
  "test_data_profiles.hide_advance": "Hide Advanced Options",
  "test_data_profiles.title.filter_by.all": "All Test Data Profiles",
  "test_data_profiles.title.filter_by.used": "Used Test Data Profiles",
  "test_data_profiles.title.filter_by.unused": "Unused Test Data Profiles",
  "test_data_profiles.field.message.invalid.type": "Invalid Excel file {{fileName}}, could not read columns from file.",
  "test_data_profiles.testdata.message.set.header.invalid": "Please remove empty cells from header row and try again.",
  "application_settings.left_nav.details": "Workspace Details",
  "application_settings.left_nav.versions": "Versions",
  "application_settings.left_nav.test_case_types": "Test Case Types",
  "application_settings.left_nav.test_case_priorities": "Test Case Priorities",
  "application_settings.application_details.version": "No of Versions",
  "application_settings.details.created_on": "Created On",
  "application_settings.details.updated_on": "Updated On",
  "page_title.workspace_versions": "Application Versions",
  "environments.list.title": "Environments",
  "environments.list.not_created": "There are no Environments created",
  "environments.details.title": "Details",
  "environments.form.edit.title": "Edit Environments",
  "environments.form.create.title": "Create Environments",
  "environments.form.label.enable_table": "Table Format",
  "environments.form.label.enable_json": "JSON Format",
  "environments.form.label.params_json": "Parameters (JSON Format)",
  "environments.form.table_header.parameter_name": "Parameter Name",
  "environments.form.table_header.parameter_value": "Parameter Value",
  "environments.form.message.no_parameters": "Enter at least one parameter to Continue",
  "environments.form.message.parameter_value_empty": "Parameter Value is mandatory",
  "environments.form.message.duplicate_parameter_name": "Duplicated Parameter Names",
  "environments.form.message.parameter_name_empty": "Parameter Name is mandatory",
  "environments.form.message.not_json": "Parameters should be in JSON object format",
  "environments.bulk_delete.confirmation.message": "Are you sure you want to delete the selected ( {{FieldName}} ) Environments?",
  "environments.list.sort_by.name": "Name",
  "environments.list.sort_by.createdDate": "Created Date",
  "environments.list.sort_by.updatedDate": "Updated Date",
  "testcase.form.title": "{{Action}} Test Case",
  "testcase.form.data_set": "Test Data Set",
  "testcase.form.iteration_from": "Data Iterates From",
  "testcase.form.iteration_to": "Data Iterates Till",
  "testcase.form.iteration_from.option_start": "Start",
  "testcase.form.iteration_to.option_end": "End",
  "testcase.form.data_not_enable": "Select Test Data Profile to enable Data-Driven Testing",
  "testcase.form.running": "Test case is in running state try in after finish the test case execution",
  "testcase.status_DRAFT": "Draft",
  "testcase.status_IN_REVIEW": "In Review",
  "testcase.status_READY": "Ready",
  "testcase.status_OBSOLETE": "Obsolete",
  "testcase.status_REWORK": "Rework",
  "test_plan.title": "Test Plan",
  "test_plan.schedule.title": "Schedules",
  "test_plan.btn.run": "Run",
  "test_plans.details.title": "Details",
  "test_plans.suites.title": "Test Suites",
  "test_plans.test_machines.title": "Test Machines",
  "test_plans.test_devices.title": "Test Devices",
  "test_plans.ci_cd.title": "CI / CD Integrations",
  "test_plans.schedules.title": "Schedules",
  "test_plans.schedules.new": "New Schedule",
  "test_plans.details.test_lab": "Test Lab",
  "test_plans.details.environment": "Environment",
  "test_plans.details.description": "Description",
  "test_plans.details.capture_screenshots": "Capture Screenshots",
  "test_plans.details.testing_type": "Testing Type",
  "test_plans.details.visual_testing": "Visual Testing",
  "test_plans.details.on_major_step_failure": "On Major Step Failure",
  "test_plans.details.on_aborted_test_case": "On Aborted Test Case",
  "test_plans.details.on_test_suite_pre_requisite_failure": "On Test Suite Pre Requisite Failure",
  "test_plans.details.on_test_case_pre_requisite_failure": "On Test Case Pre Requisite Failure",
  "test_plans.details.on_step_pre_requisite_failure": "On Test Step Pre Requisite Failure",
  "test_plan.details.re_run_failure_action": "Re-Run On Failure",
  "test_plans.details.on_notification": "Send Notification When",
  "test_plans.details.on_emails": "Email Addresses",
  "test_plans.details.element_timeout": "Element timeout (Seconds)",
  "test_plans.details.page_timeout": "Page load timeout (Seconds)",
  "test_plans.details.ci_cd.default_title": "Default Integrations",
  "test_plans.details.ci_cd.azure": "Azure DevOps",
  "test_plans.details.ci_cd.circle_ci": "CircleCI",
  "test_plans.details.ci_cd.code_ship": "Codeship",
  "test_plans.details.ci_cd.bamboo": "Bamboo",
  "test_plans.details.ci_cd.jenkins": "Jenkins",
  "test_plans.details.ci_cd.travis_ci": "TravisCI",
  "test_plans.details.ci_cd.others": "Generic shell",
  "test_plans.details.ci_cd.other_tools": "REST API to integrate with other tools",
  "test_plans.details.ci_cd.start_api.title": "REST API call to start Test Plan",
  "test_plans.details.ci_cd.start_api.description": "Response of the above REST API Call is the Run-ID of the Test Plan that has been started. You can use this in the next REST API Call to check the status. API_KEY can be found from API Keys under Settings Tab. Please check the below guide for more details -",
  "test_plans.details.ci_cd.start_api.article_title": "Start/Trigger a Test Plan in Testsigma using REST API",
  "test_plans.details.ci_cd.status_api.title": "Test Plan status check REST API Call",
  "test_plans.details.ci_cd.status_api.description": "Response of the above REST API Call returns the details of the Test Plan with the given Run-ID such as current status and the result of the Test Plan. API_KEY can be found from API Keys under Settings Tab. Please check the below guide for more details -",
  "test_plans.details.ci_cd.status_api.article_title": "Start and wait for Test Plan completion using Test Plan status REST API",
  "test_plans.form.create.title": "Create Test Plan",
  "test_plans.form.edit.title": "Edit Test Plan",
  "test_plans.form.enter_name": "Enter Test Plan Name",
  "test_plans.form.settings.title": "Test Plan Settings",
  "test_plans.form.suites.title": "Test Machines & Suites Selection",
  "test_plans.no_associated_schedules": "This Test Plan does not have any Schedules",
  "test_plan.form.help.testsigma_lab": "<span class='rb-bold'>Testsigma Lab:</span> This option allows you to run tests in Testsigmaâ€²s own cloud infrastructure.",
  "test_plan.form.help.hybrid": "<span class='rb-bold'>Local Devices:</span> This option allows you to run tests in your local machine., Refer the <a href='https://testsigma.com/tutorials/test-plans/using-local-devices/' target='_blank'>help document</a> to set up Test Plans to run on Local Devices.",
  "test_plan.form.help.distributed_testing": "Split your Test Suites across multiple Test Machines and run your tests in parallel to reduce overall execution time.<br>More details - <a href='https://testsigma.com/docs/test-management/test-plans/distributed-testing/' target='_blank'>Distributed Testing Guide</a>.",
  "schedule.view_type.calendar": "Calendar View",
  "schedule.calendar.monthly": "Monthly",
  "schedule.calendar.weekly": "Weekly",
  "schedule.view_type.list": "List View",
  "schedule.title.name": "Schedule Name",
  "schedule.title.frequency": "Frequency",
  "schedule.title.schedule_on": "Next Run At",
  "schedule.repeat_ONCE": "Don't Repeat",
  "schedule.repeat_HOURLY": "Hourly",
  "schedule.repeat_DAILY": "Daily",
  "schedule.repeat_WEEKLY": "Weekly",
  "schedule.repeat_MONTHLY": "Monthly",
  "schedule.repeat_YEARLY": "Annually",
  "schedule.repeat_all_day": "Every workday (Mon-Sat)",
  "schedule.plan.repeat_ONCE": "Don't Repeat",
  "schedule.plan.repeat_HOURLY": "<span class='rb-medium'>Hourly</span>",
  "schedule.plan.repeat_DAILY": "<span class='rb-medium'>Daily</span>",
  "schedule.plan.repeat_WEEKLY": "<span class='rb-medium pr-5'>Weekly</span> on {{Day}}",
  "schedule.plan.repeat_MONTHLY": "<span class='rb-medium pr-5'>Monthly</span> on the {{Day}} day",
  "schedule.plan.repeat_YEARLY": "<span class='rb-medium pr-5'>Annually</span> on {{Day}}",
  "schedule.plan.repeat_all_day": "<span class='rb-medium pr-5'>Every Workday</span> (Mon-Sat)",
  "uploads.list.title": "Uploads",
  "uploads.list.not_created": "There are no Uploads.",
  "uploads.form.edit.title": "Edit Uploads",
  "uploads.form.create.title": "Create Uploads",
  "uploads.form.label.name": "Name",
  "uploads.list.header.file_path": "File",
  "uploads.list.header.upload_status": "Status",
  "uploads.list.message.copied": "Copied!",
  "uploads.list.copy_path": "Copy Path",
  "uploads.bulk_delete.confirmation.message": "Are you sure you want to delete the selected ( {{FieldName}} ) Uploads?",
  "uploads.linked.with.test_cases": "This Upload is used in the below Test Cases,Please remove the mapping and try again",
  "uploads.form.create_title": "Upload",
  "uploads.form.edit_title": "Update File",
  "uploads.form.label.select_file_type": "Select Type",
  "uploads.form.progress": "App Upload in Progress",
  "uploads.form.max_size": "(Max. File Size : {{max}} MB)",
  "uploads.form.version.name": "Version",
  "uploads.form.pick_other": "Click here to pick older versions.",
  "uploads.form.label.supported_device_type": "Supported Device",
  "uploads.form.label.supported_device_type.ios_device": "iOS device",
  "uploads.form.label.supported_device_type.ios_emulator": "iOS emulator",
  "nl_action.list.title": "Natural Text Actions",
  "action.element.screen.name.suggestion.placeholder": "Search Using Screen Name",
  "nl_actions.list.header.action": "Action",
  "nl_actions.list.header.naturalText": "Natural Text",
  "nl_actions.list.label.example": "Example",
  "nl_actions.list.label.example_application": "Example Application",
  "nl_actions.list.label.example_data": "Example Data",
  "nl_actions.list.action.alert": "Alert",
  "nl_actions.list.action.app": "App",
  "nl_actions.list.action.browser": "Browser",
  "nl_actions.list.action.count": "Count",
  "nl_actions.list.action.check": "Check",
  "nl_actions.list.action.clear": "Clear",
  "nl_actions.list.action.click": "Click",
  "nl_actions.list.action.cookies": "Cookies",
  "nl_actions.list.action.draganddrop": "Drag and Drop",
  "nl_actions.list.action.dropanddown": "Drag and Drop",
  "nl_actions.list.action.doubletap,tap": "Double Tap",
  "nl_actions.list.action.forloop": "For loop",
  "nl_actions.list.action.pressEnterKey": "Press Enter",
  "nl_actions.list.action.navigateBack": "Navigate back",
  "nl_actions.list.action.enter": "Enter",
  "nl_actions.list.action.frame": "Frame",
  "nl_actions.list.action.get": "Get",
  "nl_actions.list.action.keys": "Keys",
  "nl_actions.list.action.keyboard": "Keyboard",
  "nl_actions.list.action.longpress,tap": "Long Press",
  "nl_actions.list.action.mouseover": "Mouseover",
  "nl_actions.list.action.navigate": "Navigate",
  "nl_actions.list.action.picker": "Picker",
  "nl_actions.list.action.screen": "Screen",
  "nl_actions.list.action.scroll": "Scroll",
  "nl_actions.list.action.select": "Select",
  "nl_actions.list.action.store": "Store",
  "nl_actions.list.action.settings": "Settings",
  "nl_actions.list.action.swipe": "Swipe",
  "nl_actions.list.action.switch": "Switch",
  "nl_actions.list.action.tap": "Tap",
  "nl_actions.list.action.type": "Type",
  "nl_actions.list.action.update": "Update",
  "nl_actions.list.action.verify": "Verify",
  "nl_actions.list.action.wait": "Wait",
  "nl_actions.list.action.wait,browser": "Wait, Browser",
  "nl_actions.list.action.wait,frame": "Wait, Frame",
  "nl_actions.list.action.wait,verify": "Wait, Verify",
  "nl_actions.list.action.window": "Window",
  "nl_actions.list.action.all": "All Actions",
  "nl_actions.list.action.loopaction": "Loop Actions",
  "nl_actions.list.action.execute": "Execute Javascript",
  "test_suite.nav.test_case.count": "Test Cases({{count}})",
  "test_suites.list.title": "Test Suites",
  "message.common.automated": "Automated",
  "message.common.warning": "Warning!",
  "test_suites.list.not_created": "There are no Test Suites created",
  "test_suites.select_test_case.not_selected": "There are no Test Cases Selected",
  "test_suites.bulk_delete.confirmation.message": "Are you sure you want to delete the selected ( {{FieldName}} ) Test Suites?",
  "test_suites.details.label.prerequisite": "Prerequisite",
  "test_suites.list.sort_by.updatedDate": "Updated Date",
  "test_suites.list.sort_by.createdDate": "Created Date",
  "test_suites.list.sort_by.isManual": "Type",
  "test_suites.list.sort_by.name": "Name",
  "test_suites.list.sort_by.lastRun": "Status",
  "test_suite.message.no_associated_plans": "No Test Plans associated with this Test Suite",
  "environment.message.no_associated_plans": "No Test Plans associated with this Environment",
  "action.step.message.runtime.note": "When we need to store temporary data from a Test Step for usage in a Test Step that comes later, we can make use of Runtime Test Data. More details about Runtime Test Data available in this article - <a class= 'text-link text-decoration-none px-2' target='_blank' href='https://testsigma.com/docs/test-data/types/runtime/' style='text-decoration: none;'>  How to use Runtime Test Data in Test Steps? </a> ",
  "action.step.message.random.note": "Random Test Data can be used to generate random values for usage in the Test Case execution. More details about Random Test Data available in this article - <a class= 'text-link text-decoration-none px-2' target='_blank' href='https://testsigma.com/docs/test-data/types/random/' style='text-decoration: none;'>  How to use Random Test Data in Test Steps? </a> ",
  "action.data_profile.suggestion.title": "Test Data Profile",
  "action.testDataType.raw": "Plain Text",
  "action.testDataType.parameter": "@|Parameter|",
  "action.testDataType.runtime": "$|Runtime|",
  "action.testDataType.global": "*|Environment|",
  "action.testDataType.random": "~|Random|",
  "action.testDataType.function": "!|Data Generator|",
  "action.environment.suggestion.title": "Environment ( {{EnvironmentName}} )",
  "action.no_environment.suggestion.title": "Environments",
  "action.element.suggestion.placeholder": "Search in Element by Name",
  "action.step.what_is_test_data": "What is Test Data?",
  "action.step.what_is_element": "What is Element?",
  "action.step.test_data_info": "Test data are the input values that we provide such as a username, value like john@abc.com, a phone number, etc.",
  "action.step.element_info": "A Element is what we use to identify or locate an element on a web page.</br></br>It is an equivalent of the locator used in Selenium based Automated Testing.</br></br>The Element contains the details of a specific element such as a button or a username field, a link, etc on your web page.",
  "action.step.message.localUrl.success": "All set, Testsigmaâ€™s test machines can access this URL",
  "action.step.message.localUrl.processing": "Verifying URL â€œ {{URL}} â€ ....",
  "action.step.message.localUrl.failure": "Warning: We are unable to access â€œ {{URL}} â€. Verify the URL or <a class='rb-medium result-status-text-2 text-underline' target='_blank' href='{{LINK}}'> click here</a> to learn more if it is a private URL.",
  "action.step.message.localUrl.fetching_failed": "Warning: URL â€œ {{URL}} â€ is not accessible from Testsigmaâ€™s test machines.",
  "action.step.message.UrlPattern.error": "Unable to run the Test due to invalid URL â€ {{URL}} â€ provided as â€test dataâ€ in the â€Navigate toâ€ Test Step. Please check the provided URL for missing â€http://â€ or â€https://â€ prefix. Also, try loading the url in a private or incognito browser window to check if the URL is valid.",
  "test_suites.form.create.title": "Create Test Suite",
  "test_suites.form.edit.title": "Edit Test Suite",
  "test_suites.form.enter_name": "Enter the Test Suite Name",
  "test_suite.form.add_test_case": "Add Test Cases",
  "test_suite.form.add_test_case_validation":"Please add a minimum of 1 Test Case to create a Test Suite",
  "test_suites.form.select_case.title": "Select Test Cases",
  "test_suites.form.selected_cases": "Selected Test Cases ({{count}})",
  "test_suites.form.no_available_cases": "Available Test Cases ({{count}})",
  "test_suites.form.available_cases_added": "All Test Cases Selected",
  "test_suites.form.available_cases": "Available Test Cases ({{loadedCount}}/{{count}})",
  "test_suite.form.test_cased.required": "Please select at least one Test Case to create a Test Suite",
  "test_plan.environment.test_suites.required": "Please select at least one Test Suite to create a Test Plan",
  "project.applications.details.description": "Description",
  "project.versions.button.new": "New Version",
  "project.versions.search_placeholder": "Search Versions",
  "version.form.new.title": "Add New Version",
  "version.form.edit.title": "Edit Version",
  "version.form.label.version_name": "Version Name",
  "version.details.label.test_cases": "Test Cases",
  "version.delete.confirmation.message": "Are you sure you want to delete this Version?",
  "version.delete.only_one.message": "According to your project settings, we need at least one version in your Application. If you want to delete this version, you may need to create a new version before deleting the current version.",
  "version.delete.test_cases_exist.message": "This version contains Testcases, are you sure you want to delete them?",
  "version.copy.title": "Copy Version",
  "chat_to_us.tooltip.reposition": "Click to chat with us. Drag and Drop to reposition icon",
  "version.copy.name": "New Version Name",
  "message.common.token_expire": "Token Expired, Regenerate Token",
  "message.common.add_type": "Add Type",
  "message.common.place_holder.enter_to_save": "Press Enter to Save",
  "test_case_types.title": "Test Case Types",
  "test_case_types.not_created": "There are no Test Case Types created.",
  "test_case_priorities.title": "Test Case Priorities",
  "test_case_priorities.button.add": "Add Priority",
  "test_case_priorities.not_created": "There are no Test Case Priorities created.",
  "environment.disable_info": "This Test Machine/Device cannot be Disabled since no other Test Machine/Device is currently in the Enabled state.",
  "dashboard.latest_runs.filter_by_TODAY": "DAY",
  "dashboard.latest_runs.filter_by_LAST_SEVEN_DAYS": "WEEK",
  "dashboard.latest_runs.filter_by_LAST_30_DAYS": "MONTH",
  "dashboard.latest_runs.filter_by_LAST_90_DAYS": "QUARTER",
  "dashboard.latest_runs.title": "Latest Runs",
  "dashboard.latest_runs.view_report": "View Report",
  "dashboard.latest_runs.share_report": "Share Report",
  "dashboard.summary.total": "Total",
  "dashboard.summary.passed": "Passed",
  "dashboard.summary.failed": "Failed",
  "dashboard.summary.not_executed": "Not Executed",
  "dashboard.test_plan.schedules": "Test Plan Schedule",
  "dashboard.test_cases.empty": "No Test Cases Created",
  "dashboard.test_cases.by_status": "Testcase Status-wise Breakup",
  "dashboard.test_cases.by_type": "Testcase Type-wise Breakup",
  "dashboard.addon.create": "+ Create Addon",
  "dashboard.addon.view_more": "View More...",
  "dashboard.latest_runs.TODAY.empty": "There are no Runs Today.",
  "dashboard.latest_runs.LAST_SEVEN_DAYS.empty": "There are no Runs in a Week.",
  "dashboard.latest_runs.LAST_30_DAYS.empty": "There are no Runs in a Month.",
  "dashboard.latest_runs.LAST_90_DAYS.empty": "There are no Runs in a Quarter.",
  "dashboard.testsigma.love_message": "Send your love {{heart}} to Testsigma Project contributors with a Star or a Tweet.",
  "test_data_grid.validation.set_name.required": "Test data set name is missing. Please correct it or remove the row if not required.",
  "test_plan.prereq.operation.blocked": "This operation is not allowed for prerequisite Test Suite",
  "test_plan.environment.machine.edit.title": "Select Test Machines(Edit)",
  "test_plan.environment.device.edit.title": "Select Test Device(Edit)",
  "test_data_grid.validation.set_name.duplicate": "Duplicate Set Names Found",
  "test_data_grid.validation.parameter_name.required": "Parameter name is missing in one of the column. Please correct it or remove the column if not required.",
  "test_data_grid.validation.parameter_name.duplicate": "Duplicate parameter columns found",
  "copy.test_case.title": "Copy Test Case",
  "copy.step_group.title": "Copy Step Group",
  "settings.left_nav.title": "Admin Settings",
  "settings.addons.title": "Addons",
  "settings.plugins.title": "Plugins",
  "settings.plugins.username": "User Name",
  "settings.plugins.token": "Api Key",
  "settings.plugins.confirm_token": "Confirm API Key",
  "settings.plugins.url": "Account URL",
  "settings.plugins.access_token": "Token",
  "settings.plugins.organization_url": "Organization URL",
  "settings.plugins.access_key": "Access Key",
  "settings.plugins.connector_url": "Connector URL",
  "settings.plugins.webhook_url": "Webhook URL",
  "settings.plugins.metadata.channel": "Post to channel(Optional)",
  "settings.plugins.metadata.user_name": "Username that this integration is posted as (Optional)",
  "settings.plugins.jira_integration": "Jira Details",
  "settings.plugins.freshrelease_integration": "Freshrelease Details",
  "settings.plugins.trello": "Trello Details",
  "settings.plugins.linear": "Linear Details",
  "settings.plugins.clickup": "Click Up",
  "settings.plugins.bugZilla": "BugZilla Details",
  "settings.plugins.mantis": "Mantis Details",
  "settings.plugins.azure_integration": "Azure Details",
  "settings.plugins.youtrack_integration": "YouTrack Details",
  "settings.plugins.msteam_integration": "Microsoft Team Details",
  "settings.plugins.google_chat_integration": "Google Chat Details",
  "settings.plugins.backLog": "BackLog Details",
  "settings.plugins.zepel": "Zepel Details",
  "settings.plugins.slack_integration": "Slack Details",
  "settings.plugins.zero_plugins": "There are no plugins Here!",
  "settings.plugins.client_id": "Client Id",
  "settings.plugins.client_secret": " Client Secret",
  "settings.plugins.xray_integration": "Xray Details",
  "settings.roles.title": "User Roles",
  "settings.backup.delete_confirm": "Are you sure do you want to delete this backup ?",
  "backup.form.title": "Export",
  "settings.import.title": "Imports",
  "settings.import.xml": "Import",
  "import.form.title": "Import Xml",
  "import.test_project.form.title" : "Import from TestProject",
  "upload_path_suggestion.browse": "Browse",
  "upload_path_suggestion.drag_drop": "Drag and drop your files or ",
  "upload_path_suggestion.remove": "Remove",
  "imports.skip.entity.exists": "Skip",
  "imports.skip.entity.overwrite": "OverWrite",
  "imports.exists.action": "If entity already exists",
  "imports.form.progress" : "Import in Progress",
  "import.initiated.failure.file.not.selected": "Please select the file to import",
  "import.initiated.success": "Import initiated successfully",
  "import.initiated.failure": "Failed to initiate Import",
  "import.model.info": "The following models will be imported",
  "import.select.least.one": "Select atleast one Entity to Import",
  "import.warning.message": "<ul> <li>Custom Functions are not supported in Testsigma Open Source, any test steps which utilise custom function will be imported but will be in disabled state </li> <br>  <li> Addons related Test steps will be imported but disabled, will support in future </li> <br>  <li> Please ensure you replicate the same Environments from Cloud to OS for all tests to run</li> <br> <li>Note: We recommend you to Verify the <b> Workspace Type and Workspace Version </b> while importing.</li></ul> ",
  "import.warning.title": "Warning : Cloud to OS Import Guidelines",
  "import.affected_list": "Affected List",
  "backup.model.testcase": "Test Cases",
  "backup.model.teststep": "Test Steps",
  "backup.model.elements": "Elements",
  "backup.model.uploads": "Uploads",
  "backup.model.test_suites": "Test Suites",
  "backup.model.test_plans": "Test Plans",
  "backup.model.test_case_priorities": "TestCase Priorities",
  "backup.model.test_case_types": "Test Case Types",
  "backup.model.test_data": "Test Data Profiles",
  "backup.model.test_device": "Test Devices",
  "backup.model.label": "Labels",
  "backup.model.info": "Following entities will be exported",
  "test_case.data_profile_not_linked": "The Test Case does not have a Test Data Profile Selected",
  "element.list.sort_by.updatedDate": "Updated Date",
  "element.list.sort_by.createdDate": "Created Date",
  "element.list.sort_by.locatorType": "Type",
  "element.list.sort_by.name": "Name",
  "element.details.title": "Element Details",
  "element.details.screenName": "Screen Name",
  "save_configuration.title": "Ad-hoc Run Configurations List",
  "save_configuration.form_title": "Favorite Ad-hoc Run Configs",
  "save_configuration.name": "Name",
  "save_configuration.environment": "Environment",
  "save_configuration.placeholder": "Search",
  "save_configuration.delete.confirmation": "Are you sure you want to delete this Ad-hoc config from Favorites?",
  "save_configuration.save_note": "Saving this configuration as your Favorite Ad-hoc Config in {{workspaceType}} saves your time by pre-filling form on successive Runs.",
  "test_data_profiles.test_cases.empty.list": "No Test Case uses this Test Data Profile.",
  "test_data_profiles.sort_by.createdDate": "Created Date",
  "test_data_profiles.sort_by.updatedDate": "Updated Date",
  "test_data_profiles.sort_by.testDataName": "Title",
  "test_data_profiles.import.async.init": "The Test Data Profile import has been initiated successfully. Please refresh to see updated list.",
  "test_data_profiles.field.message.rows.maxexceeded": "Only 200 rows of data can be added to a Test Data Profile, please upload again.",
  "test_case_result.report_bug.click_up.team": "Team",
  "test_case_result.report_bug.click_up.space": "Space",
  "test_case_result.report_bug.click_up.folder": "Folder",
  "test_case_result.report_bug.click_up.list": "List",
  "test_case_result.report_bug.click_up.task": "Task",
  "runs.details.hint.re_run": "Rerun triggered. Click here for details",
  "btn.common.re_run": "Rerun",
  "btn.common.download.link": "Sample File",
  "re_run.initiate.success": "Rerun initiated Successfully.",
  "re_run.ONLY_FAILED_TESTS": "Rerun Failed Test Cases",
  "re_run.ALL_TESTS": "Rerun All Test Cases",
  "re_run.ALL_ITERATIONS": "Rerun Failed Test Cases With All Iteration",
  "re_run.ONLY_FAILED_ITERATIONS": "Rerun Failed Test Cases With Only failed Iterations",
  "re_run.ONLY_FAILED_ITERATIONS_IN_FAILED_TESTS": "Rerun Only Failed Iterations in failed Test Cases",
  "re_run.details.title": "Rerun of #{{parentRunId}}",
  "re_run.previous_result": "Previous Result",
  "re_run.re_run_result": "Rerun result",
  "project.title": "Project",
  "global_add.testcase.title": "Test Case",
  "global.add_title": "Create a new",
  "usage_details.title": "Active Sessions",
  "runs.details.export_as_junit": "Export as Junit Report",
  "runs.details.export_as_xls": "Export as XLS",
  "ui_identifiers.import.title": "Import",
  "usage_details.runs.title": "Test Plan Runs & Dry Runs",
  "usage_details.mobile_inspections.runs.title": "Mobile Inspector Sessions",
  "usage_details.mobile_inspections.runs.empty_message": "There are no Mobile Inspector sessions.",
  "usage_details.runs.runs.empty_message": "There are no Runs.",
  "usage_details.runs.name": "Name",
  "usage_details.runs.type": "Type",
  "usage_details.runs.running_count": "Parallel Count",
  "usage_details.runs.start_time": "Start Time",
  "usage_details.runs.workspace_details": "Workspace Details",
  "usage_details.runs.running": "{{used}}/{{total}} Running",
  "usage_details.mobile_inspections.created_at": "Created At",
  "usage_details.runs_run_id": "(Run ID: #{{id}})",
  "usage_details.test_plan": "Test Plan",
  "usage_details.dry_run": "Dry run",
  "login_form.header": "Sign in to your account",
  "login_form.bad_credentials": "Invalid Username or Password",
  "login_form.user_not_authenticated": "Authentication failed. Please try again.",
  "login_form.not_activated": "User is not activated, please check your email for activation.",
  "login_form.title": "SMART test automation for Agile teams",
  "login_form.email": "Email",
  "login_form.username": "Username",
  "login_form.password": "Password",
  "login_form.confirm_password": "Confirm Password",
  "login_form.keep_me_logged_in": "Remember me",
  "login_form.sign_in": "SIGN IN",
  "login_form.sign_in_with_google" : "Sign in with Google",
  "page_title": "{{pageTitle}} - AI Powered Test Automation Platform | Testsigma OS",
  "page_title.dashboard": "Dashboard",
  "page_title.support": "Support",
  "page_title.agents": "Agents",
  "page_title.agent_create": "Create Agent",
  "page_title.agent_edit": "Edit Agent",
  "page_title.agent_details": "Agent Details",
  "page_title.agent_test_plans": "Agent Test Plans",
  "page_title.agent_dry_runs": "Agent Dry Runs",
  "page_title.agent_devices": "Agent Devices",
  "page_title.td": "Test Development",
  "page_title.run_details": "Run Details",
  "page_title.suite_result_details": "Test Suite Result Details",
  "page_title.test_machine_result_details": "Test Machine Result Details",
  "page_title.test_case_result_details": "Test Case Result Details",
  "page_title.test_step_result_details": "Test Step Result Details",
  "page_title.test_case_details": "Test Case Details",
  "page_title.environment_details": "Environment Details",
  "page_title.create_test_data": "Create Test Data",
  "page_title.create_test_plan": "Create Test Plan",
  "page_title.edit_test_data": "Edit Test Data",
  "page_title.edit_test_plan": "Edit Test Plan",
  "page_title.test_data_details": "Test Data Details",
  "page_title.test_plan_details": "Test Plan Details",
  "page_title.test_suite_details": "Test Suite Details",
  "page_title.create_test_suite": "Create Test Suite",
  "page_title.edit_test_suite": "Edit Test Suite",
  "page_title.test_cases": "Test Cases",
  "page_title.test_step_groups": "Step Groups",
  "page_title.create_step_group": "Create Step Group",
  "page_title.edit_step_group": "Edit Step Group",
  "page_title.create_test_case": "Create Test Case",
  "page_title.edit_test_case": "Edit Test Case",
  "page_title.elements": "Elements",
  "page_title.test_data_profiles": "Test Data Profiles",
  "page_title.environments": "Environments",
  "page_title.create_environment": "Create Environment",
  "page_title.edit_environment": "Edit Environment",
  "page_title.test_plans": "Test Plans",
  "page_title.test_plan_schedules": "Test Plan Schedules",
  "page_title.uploads": "Uploads",
  "page_title.action": "Natural Text Actions",
  "page_title.test_suites": "Test Suites",
  "page_title.run_results": "Run Results",
  "page_title.login": "Login",
  "page_title.plugs": "Plugins",
  "page_title.ios_setting": "iOS Settings",
  "page_title.test_case_priorities": "Test Case Priorities",
  "page_title.test_case_types": "Test Case Types",
  "page_title.application_details": "Application Details",
  "page_title.create_version": "Create Version",
  "page_title.version_details": "Version Details",
  "page_title.edit_version": "Edit Version",
  "edit_comment_modal.title": "Edit Comment",
  "help_options.documentation.message": "Help Documentation",
  "help_options.documentation.faq": "Knowledge Base / FAQs",
  "help_options.documentation.submit_ticket": "Have a question / Submit a ticket",
  "trial_expiry_notification.to_extend_trial": "to Extend your trial",
  "agents.mobile.inspection.switch_to_native": "Switch To Native",
  "agents.mobile.inspection.switch_to_webview": "Switch To WebView Context (Hybrid App)",
  "test_case.create_help.description.label": "Description",
  "test_device.linked_with_test_plans": "This Test Device is used in the below Test plans,<br>Please remove the mapping and try again.",
  "test_case.create_help.description.details": "Enter a meaningful description for this Test Case.",
  "test_case.create_help.select_step_group_type.label": "Select Step Group Type",
  "test_case.create_help.select_test_case_type.label": "Select Test Case Type",
  "test_case.create_help.type": "Automated/Manual",
  "test_case.create_help.priority.label": "Priority (Required)",
  "test_case.create_help.priority.details": "Select the priority level that you want to set for this Test Case.",
  "test_case.create_help.type.label": "Type (Required)",
  "test_case.create_help.type.details": "Select the test method type for this Test Case.",
  "test_case.create_help.status.label": "Status (Required)",
  "test_case.create_help.status.details": "Select the appropriate status for the Test Case.",
  "test_case.create_help.status.note": "Only Test Cases in ready state will be available for execution.",
  "test_case.create_help.prerequisite.label": "Prerequisite (Required)",
  "test_case.create_help.prerequisite.details": "Select another Test Case as prerequisite to execute before this Test Case. This will help you to save execution time if a prerequisite condition is not met.",
  "test_case.create_help.test_data.label": "Test Data Profile",
  "test_case.create_help.test_data.details": "Select the Test Data profile to be used in the Test Case. This is required only if you are creating a Data-driven Test Case.",
  "test_case.create_help.test_data.help_document_description": "You will need to add Test Data Profile before enabling this option.",
  "test_case.create_help.data_driven.label": "Data Driven (toggle)",
  "test_case.create_help.data_driven.details": "Enable this if you want to run the same tests with multiple data input sets. You will need to add Test Data Profile before enabling this option.",
  "test_case.create_help.data_driven.help_document_description": "for more details on adding a data-driven Test Case.",
  "test_case.list.sort_by.updatedDate": "Updated Date",
  "test_case.list.sort_by.createdDate": "Created Date",
  "test_case.list.sort_by.isManual": "Type",
  "test_case.list.sort_by.name": "Name",
  "test_case.list.sort_by.executionType": "Test Lab / Type",
  "agents.mobile.inspection.web_view_context_name": "Web View Context",
  "agents.mobile.inspection.has_web_view_context_warn": "Your App has opened in Web View Context. In case of issues during element inspection, please switch to Hybrid View Mode(N/H) from the Toolbar Section.",
  "agents.mobile.inspection.switch_to_web_view_context_while_using": "Selected Element is in Web Context({{name}}), Make sure Switch to Appropriate Context",
  "test_case.linked_with_suites": "This Test Case is used in the below Test suites,<br>Please remove the mapping and try again.",
  "test_case.linked_with_cases": "This Test Case is used in the below Test suites,<br>Please remove the mapping and try again.",
  "environments.list.linked_with_test_plans": "This Environment is used in the below Test plans, <br> Please remove the mapping and try again.",
  "suite.linked_with_test_plans": "This Test Suite is used in the below Test plans, <br> Please remove the mapping and try again.",
  "usage_details.mobile_inspections.stop.success": "Mobile inspector session stopped successfully",
  "usage_details.mobile_inspections.stop.failure": "Failed to stop mobile inspector session",
  "linked_entities.open_test_suite": "Open Test Suite in new Tab",
  "linked_entities.open_test_case": "Open Test Case in new Tab",
  "message.duplicate_entity": "An Entity with the same name already exists. Please use a different name",
  "message.duplicate_entity.with_name": "An Entity with the same name '{{EntityName}}' already exists. Please use a different name and try again.",
  "test_step.no_steps": "No Steps Available",
  "page_title.add_ons": "Build Your Own Natural Text Actions",
  "step.create.help.expert": "Get expert help for Test Case creation,",
  "step.create.help.expert_msg": "Chat with Us!",
  "td_nav.add_ons": "Addons",
  "message.delete.uploads": "Deleting this upload will cause failures for the listed test plans, please edit the test plans to change the upload used before proceeding",
  "test_plan_form.machine-empty": "You now need to install the Testsigma Agent then select your {{LabelName}}",
  "test_plan_form.agents_info": "Click here to know more about this",
  "test_plan_form.install": "Install",
  "create_element.know.more": "Click here to know more about Element",
  "create_element.record.title": "Element Introduction",
  "create_element.start.title": "Record your first Element by clicking the button below",
  "test_data_profile_suggestion.not_found.know_more": "Click here to know more about Test Data Profile",
  "test_data_profile_suggestion.not_found.title": "Test Data Profile Introduction",
  "test_data_profile_suggestion.not_found.start_title": "There is no Test Data profile created or associated with this Test Case to use parameter type test data in this Test Step. Create a new test data profile or edit this Test Case to associate a data profile, if already available.",
  "test_data_profile_suggestion.not_found.associate": "Associate Test Data Profile",
  "test_data.confirmation.change_note": "Changing/Removing Test Data Profile may fail the test run if there are any steps using the parameters",
  "test_data.expected_to_fail.true": "ETF: Yes",
  "test_data.expected_to_fail.false": "ETF: No",
  "hint.test_data.expected_to_fail": "Expected To Fail",
  "environment_suggestion.not_found.know_more": "Click here to know more about Environment",
  "environment_suggestion.not_found.title": "Environment Introduction",
  "environment_suggestion.not_found.start_title": "Create your first Environment",
  "search_elements.title": "Elements",
  "search_elements.placeholder": "Search your queries",
  "search_elements.label.copy_id": "Copy ID",
  "search_elements.id.copied": "Copied!",
  "search_elements.label.tap_element": "Tap Element",
  "search_elements.btn.searching": "Searching",
  "search_elements.search.empty": "No Such Element Found",
  "search_elements.session_expiry_caused_search_failure": "Unable to search elements, unexpected error please try some other selector.",
  "search_elements.invalid_caused_search_failure": "Unable to search elements. Please check given selector syntax and try again.",
  "settings.plugins.all": "All Plugins",
  "settings.plugins.bug_report": "Bug Reporting",
  "settings.plugins.test_lab": "Test Lab",
  "settings.plugins.product_management": "Product Management",
  "settings.plugins.ci": "CI/CD",
  "settings.ios_settings.title": "iOS Settings",
  "settings.ios_settings.create.new_profile": "+ New Profile",
  "settings.ios_settings.help.description": "Automating iOS Apps requires a valid Apple Developer account. Log in to Apple Developer Portal at this link <a href='https://developer.apple.com/account' target='_blank' class='text-link text-decoration-none'>https://developer.apple.com/account</a> in order to obtain following items. Find detailed information in this <a class='text-link text-decoration-none' target='_blank' href='https://testsigma.com/docs/configuration/ios-settings/'>step-by-step tutorial</a>",
  "settings.ios_settings.apple_id.generate": "Generate",
  "settings.ios_settings.csr_request": "Certificate Signing Request (CSR)",
  "settings.ios_settings.csr_certificate": "Certificate",
  "settings.ios_settings.csr_certificate_not_available": "Certificate not available with the current Storage Type, change Storage Type and try again.",
  "settings.ios_settings.csr_profile": "Provisioning Profile",
  "settings.ios_settings.provisioned_devices": "Provisioned Devices",
  "settings.ios_settings.apple.team_id": "Apple Team ID",
  "settings.ios_settings.profile_name": "Profile Name",
  "settings.ios_settings.csr": "CSR",
  "settings.ios_settings.provisioning_profile": "Provisioning Profile",
  "settings.ios_settings.csr_request.info": "Generate New Certificate Signing Request (CSR), Use this at Apple developer account to generate new Certificate.",
  "settings.ios_settings.csr_certificate.info": "Upload Certificate Generated using above Certificate Signing Request (CSR) at Apple developer account.",
  "settings.ios_settings.csr_profile.info": "Upload Mobile Provisioning Profile created using above Certificate and linked list of devices you would like to automate.",
  "settings.ios_settings.provisioning_profile.register_for_community_edition": "To use iOS Provisioning Profiles, you need to register for the free <br/>Community Edition Cloud services.",
  "settings.provisioning.list.not_created": "Create your first provisioning profile by clicking the button below.",
  "settings.provisioning.bulk_delete.confirmation.message": "Are you sure you want to delete the selected ( {{FieldName}} ) Provisioning Profile",
  "project.applications.new_version.help.note": "Note:",
  "project.applications.new_version.help.note.description": "Enter 'Default' as Name if you donâ€²t follow versions or if you have only one version",
  "project.applications.new_version.help.description": "Description:",
  "project.applications.new_version.help.description.content": "Enter a meaningful description for this application version elaborating about it.",
  "test.step.details.modal.title": "Test Step",
  "test.step.details.modal.title.details": "Details",
  "ios.local.executions.warning.message": "iOS Local Device executions are supported as <b>Beta feature</b> as of now for all plans.",
  "provision.profile.certificate.generate": "Generated on",
  "why_failed.popup.sub_heading": "Identifying the failed root cause...",
  "why_failed.popup.check_error": "Scroll Down & Check the Error",
  "why_failed.popup.check_error.description": "Scroll down to the failed step(marked in red) and check the error message.",
  "why_failed.popup.check_screenshot": "Check the screenshot",
  "why_failed.popup.check_screenshot.description": "Please check the screenshots of the previous steps to see where it took the wrong turn.",
  "why_failed.popup.watch_video": "Watch Execution Video",
  "why_failed.popup.watch_video.description": "Click on the â€˜Watch Videoâ€˜ tab in the Test Results page to view the video of the test run.",
  "why_failed.popup.perform_manually": "Perform Manually",
  "why_failed.popup.perform_manually.description": "If you feel this is caused by an actual bug, please check manually in a Chrome â€˜Incognito Windowâ€˜ or a Firefox â€˜Private Sessionâ€™.",
  "why_failed.popup.help.content": "Note: If the issue in identifying the root cause persists, please contact our support team using the options below.",
  "logout": "Logout",
  "settings.testsigma_free_lab": "Testsigma Cloud(CE)",
  "page_title.testsigma_free_lab": "Testsigma Cloud(CE)",
  "page_title.testsigma_free_lab.email_form": "Testsigma Free Lab Email Signup",
  "page_title.testsigma_free_lab.activation": "Testsigma Free Lab Activation",
  "page_title.testsigma_free_lab.register": "Register for Testsigma Cloud",
  "page_title.testsigma_community" : "Testsigma Community",
  "page_title.testsigma_community.register" : "Add-ons Marketplace",
  "settings.testsigma_free_lab.quick_signup": "Sign up for Testsigma Cloud with",
  "settings.testsigma_community.quick_signup" : "Sign up for Testsigma Community with",
  "settings.testsigma_community.title" : "The Testsigma Community experience comes with",
  "settings.testsigma_community.heading1" : "The Add-ons Marketplace",
  "settings.testsigma_community.message1" : "1000+ add-ons, built and tested with {{heart}} by Testsigma Community and Engineering Team",
  "settings.testsigma_community.heading2" : "Testsigma Discord Community",
  "settings.testsigma_community.message2" : "Connect with some of the most experienced and creative test automation practitioners across the world - and our team",
  "settings.testsigma_community.heading3" : "Early Access invites",
  "settings.testsigma_community.message3" : " Community members get beta access to all new core and noncore Testsigma features",
  "settings.testsigma_free_lab.email_signup": "Want to continue with Email?",
  "settings.testsigma_free_lab.email": "Register with Email",
  "settings.testsigma_free_lab.already_have_account": "Already have any account?",
  "settings.testsigma_free_lab.sign_in": "Sign in",
  "settings.testsigma_free_lab.terms_of_service": "<center>By signing up, you agree to the <a href='https://testsigma.com/terms' target='_blank'>Terms of Service</a> and <a href='https://testsigma.com/privacy-policy' target='_blank'> Privacy Policy</a><center>",
  "settings.testsigma_free_lab.already_registered": "You already have access to Testsigma Cloud: Community Edition",
  "settings.testsigma_free_lab.already_registered_message" : "To get access to more Cloud-exclusive features (like AI-driven test maintenance), <a href='https://testsigma.com' target='_blank' class='text-link'>try Testsigma Cloud: Enterprise Edition</a>",
  "settings.testsigma_free_lab.email_activation_token": "Final step, check your email for activation token.",
  "settings.testsigma_free_lab.title" : "By registering, you get free access to",
  "settings.testsigma_free_lab.heading1": "Testsigma Lab",
  "settings.testsigma_free_lab.message1": "Upto 100 minutes/month access to 800+ browsers/OS and real Android and iOS devices on our device cloud",
  "settings.testsigma_free_lab.heading2": "Testsigma Storage",
  "settings.testsigma_free_lab.message2": "1GB cloud storage (for 30 days) for your apps, attachments, screenshots, video recordings, logs, and more",
  "settings.testsigma_free_lab.heading3": "Visual Testing",
  "settings.testsigma_free_lab.message3": "Save baseline application visuals and compare all future application versions against it",
  "settings.testsigma_free_lab.heading4": "iOS App Testing (on your local devices)",
  "settings.testsigma_free_lab.message4": "Use Testsigma to create a Provisioning Profile and run your automated iOS app tests on your physical device",
  "settings.testsigma_free_lab.heading5": "Add-ons Marketplace",
  "settings.testsigma_free_lab.message5": "Custom add-ons, plugins, and more, built and tested by Testsigma community and engineering team",
  "settings.testsigma_free_lab.heading6": "TestSigma Discord Community",
  "settings.testsigma_free_lab.message6": "Connect with some of the most experienced and creative test automation practitioners across the world",
  "page_title.storage": "Storage",
  "settings.storage": "Storage",
  "settings.storage.select": "Select Storage Type",
  "settings.storage.aws": "AWS Configuration Details",
  "settings.storage.aws.bucket_name": "Bucket Name",
  "settings.storage.aws.endpoint": "Endpoint",
  "settings.storage.aws.region": "Region",
  "settings.storage.aws.access_key": "Access Key",
  "settings.storage.aws.secret_key": "Secret Key",
  "settings.message.aws_bucket_name": "Enter valid Bucket Name",
  "settings.message.aws_endpoint": "Enter valid Endpoint",
  "settings.message.aws_access_key": "Enter valid Access Key",
  "settings.message.aws_secret_key": "Enter valid Secret Key",
  "settings.message.aws_region": "Enter valid Region",
  "settings.storage.azure": "Azure Configuration Details",
  "settings.storage.azure.container_name": "Container Name",
  "settings.storage.azure.connection_string": "Connection String",
  "settings.message.azure.container_name": "Enter valid Container Name",
  "settings.message.azure.connection_string": "Enter valid Connection String",
  "settings.storage.local": "Local Storage Configuration Details",
  "settings.storage.local.root_dir_name": "Root Directory Path",
  "settings.storage.switch.storage.message": "Switching storage won't change previous files locations",
  "message.common.storage_configuration.success": "{{FieldName}} Storage Configuration is successful",
  "message.common.cannot_remove_storage": "At least one storage service is needed",
  "page_title.auth_config": "Authentication Configuration",
  "settings.auth_config": "Authentication",
  "settings.auth.select": "Select Authentication Type",
  "settings.auth.google.client_id": "Google Client ID",
  "settings.auth.google.client_secret": "Google Client Secret",
  "settings.auth.api": "API Key Details",
  "settings.auth.api.key": "API Key",
  "settings.auth.api.confirm_key": "Confirm API Key",
  "settings.auth.jwt.secret": "JWT Secret",
  "test_plan.test_suite.all_suite_machine_error": "All Test Suites must be associated with Test Machines/Devices",
  "settings.auth.jwt.confirm_secret": "Confirm JWT Secret",
  "settings.auth.form_login": "Username Password Authentication Details",
  "settings.auth.google_oauth": "Google OAuth2 Configuration Details",
  "message.common.auth_config.success": "Authentication Configuration Updated Successfully",
  "message.common.cannot_remove_authentication": "At least One Authentication type required",
  "message.common.restart_server": "These changes will be reflected after restarting the server. On Clicking Ok you'll be logged out",
  "message.common.prompt.logout": "These changes will be reflected after you are logged out and login again. On clicking Ok you'll be logged out",
  "message.auth.google.details": "This Option has to passed from Server VM Arguments",
  "settings.auth.alert.restart_server": "Server Restart Confirmation",
  "settings.auth.alert.logout": "Logout Confirmation",
  "page_title.settings.about": "About",
  "settings.about.server_version": "Server Version",
  "settings.about.server_ip": "Server IP",
  "settings.about.testsigma_lab_ip": "Testsigma Lab IP (For Whitelisting)",
  "message.common.expand": "Expand",
  "message.common.shrink": "Shrink",
  "support.heading.support": "Testsigma Support",
  "support.heading.discord": "Discord",
  "support.discord.message": "Our Community hangs out here. Join discord to ask/help folks in the community.",
  "support.heading.docs": "Docs",
  "support.docs.message": "Head to docs to search for what you're looking for.",
  "support.heading.chat": "Chat with us",
  "support.chat.message": "Ask your Testsigma questions here",
  "support.heading.github": "GitHub",
  "support.github.message": "Create an issue on GitHub to report bugs, suggest improvements or give us a star!",
  "page_title.settings.telemetry": "Telemetry",
  "onboarding.welcome_to": "Welcome to",
  "onboarding.setup_your_profile": "Setup your user profile to get started.",
  "onboarding.complete_your_registration": "Complete your Registration for <b>Community Edition Cloud.</b>",
  "onboarding.create_your_profile": "Create your Testsigma Profile",
  "onboarding.go_to_dashboard": "Go to Dashboard",
  "onboarding.get_community_edition": "Get access to Community Edition Cloud?",
  "onboarding.community_features": "Includes features like Visual testing, Provisioning Profiles (for iOS app testing), TestLab, Add-ons Marketplace, and more.",
  "onboarding.subscribe_to_updates": "Subscribe to product updates and automation insights from the Testsigma Team",
  "onboarding.verify_email": "Verify Email",
  "onboarding.sent_verification_code": "We have sent a verification code to your email ID.<br/>Enter the code below",
  "onboarding.reset_verification_code": "Verification code resent. Check your inbox or spam folder. :)",
  "onboarding.verification_code": "Verification Code",
  "onboarding.havent_got_code_check_spam": "Havenâ€™t received the code? Check your spam or",
  "onboarding.havent_got_code_send_another": "to get another code.",
  "onboarding.still_having_problem": "Still having trouble?",
  "onboarding.contact_support": "Contact Support",
  "message.onboarding.otp_sent": "OTP Sent to your Email.",
  "message.onboarding.otp.send_failure": "Problem while sending OTP",
  "message.onboarding.otp.activate_failure": "Problem while activating account",
  "message.onboarding.otp_resent": "OTP Resent to your Email",
  "login_form.sign_in_to_testsigma": "Sign in to your Testsigma",
  "login_form.be_a_part_of": "Be a part of",
  "login_form.testsigma_community": "The Testsigma Community",
  "login_form.connect": "Connect!",
  "login_form.connect_sub_message": "with test automation experts and enthusiasts across the world",
  "login_form.create": "Create!",
  "login_form.create_sub_message": "add-ons to tailor the Testsigma Platform, for yourself and the world",
  "login_form.contribute": "Contribute!",
  "login_form.contribute_sub_message": "shape the future of test automation by contributing to the project",
  "login_form.join_community_msg": "Latest feature releases in Action & Updates from our Product Team",
  "login_form.join_community": "Join the Community",
  "dashboard.start_us_on_github": "Star us on Github",
  "dashboard.tweet_us": "Tweet @Testsigma",
  "dashboard.like_to_talk_product_expert": "If you would like to talk to our Product Specialists, ",
  "dashboard.setup_call": "set up a call.",
  "addons.register.title": "Add-ons is part of Testsigma Community. Join now!",
  "settings.telemetry.disable": "Disable Telemetry",
  "settings.telemetry.message1": "Testsigma OS collects anonymous, aggregate usage data via telemetry. This allows the Testsigma Team prioritize fixes and features based on quantitative data about how people use Testsigma.",
  "settings.telemetry.message2": "The data collected cannot uniquely identify a user and is not shared with third parties. <a class=\"text-link\" target=\"_blank\" href=\"https://testsigma.com/docs/getting-started/telemetry/\">Click here</a> to see what data is collected and how.",
  "settings.telemetry.message3": "If youâ€™d like to opt-out of sending usage stats, check the box below and click Save. For more information, check out our <a class=\"text-link\" href=\"https://testsigma.com/privacy-policy\" target=\"_blank\">privacy policy.</a>",
  "settings.ios_settings.register_msg": "To use local iOS devices for testing, you need to register for the <span class=\"aborted\">Free</span><br> Community Edition Cloud services.",
  "storage.google_cloud.description": "Can configure Google cloud storage to store screenshots and other details.",
  "storage.aws_s3.description": "Can configure Amazon AWS S3 storage to store screenshots and other details.",
  "storage.testsigma_storage.description": "Can register to Testsigma Community free edition to get storage.",
  "storage.on_premise.description": "On Premise storage to store screenshots and other details.",
  "storage.azure.description": "Can configure Microsoft Azure storage to store screenshots and other details.",
  "settings.auth.no_auth_type": "No Auth",
  "settings.auth.user_name_auth_type": "User Name and Password",
  "settings.auth.google_auth_type": "Google SSO",
  "settings.auth.api_key": "API Key",
  "settings.auth.api_details": "API Details",
  "settings.auth.regenerate": "Regenerate",
  "settings.auth.jwt": "Primary Secret Key",
  "work_space.switcher.title": "Switch Workspace",
  "work_space.switcher.web_app.title": "Web Application",
  "work_space.switcher.web_app.description": "This Workspace will help for doing the web application. Most of the test cases valid through this workspace.",
  "work_space.switcher.mobile_web.title": "Mobile Web Application",
  "work_space.switcher.mobile_web.description": "This Workspace will help for doing the Mobile web application. Most of the test cases valid through this workspace.",
  "work_space.switcher.android.title": "Android Native Application",
  "work_space.switcher.android.description": "This Workspace will help for doing the Android Native application. Most of the test cases valid through this workspace.",
  "work_space.switcher.ios.title": "iOS Native Application",
  "work_space.switcher.ios.description": "This Workspace will help for doing the iOS Native application. Most of the test cases valid through this workspace.",
  "work_space.switcher.live": "Live Workspace",
  "work_space.switcher.sample": "Sample Data",
  "work_space.switcher.select_version": "Select Version",
  "quick_start.btn": "Quick Start",
  "quick_start.title": "Quick Start - {{Percent}}% Completed",
  "get_started.title": "Let's get started on these topics.",
  "get_started.new_user": "New User",
  "get_started.power_user": "Power User",
  "get_started.web_testing": "Web Testing",
  "get_started.mobile_web_testing": "Mobile Web Testing",
  "get_started.android_app_testing": "Android App Testing",
  "get_started.ios_app_testing": "iOS App Testing",
  "get_started.all_tutorial": "All Tutorials",
  "get_started.overview": "Overview",
  "get_started.overview_description": "Test Automation eco-system on cloud with all the essential elements for continuous testing. Testsigma lets everyone including SMEs & QAs to write automated tests using simple English.",
  "get_started.using_simple_english": "Using Plain English script",
  "get_started.using_simple_english_description": "Start writing automated tests using plain English script",
  "get_started.test_lab": "Fully loaded Test Lab",
  "get_started.test_lab_description": "1000+ OS/Browser/Version combos & 2000+ real mobile devices",
  "get_started.continuous_testing": "Continuous Testing, CI/CD Support for Agile and DevOps Teams",
  "get_started.continuous_testing_description": "Shift-Left approach, and fast feedback to accelerate the delivery â€¨of Web & Mobile apps.",
  "get_started.create_automated_test": "Create Automated Test Case",
  "get_started.create_automated_test_description": "Start writing automated tests using plain English scripts",
  "get_started.run_tests": "Run/Execute Tests",
  "get_started.run_tests_description": "Run your tests on any browser/OS/Version combos",
  "get_started.manage_suites": "Manage Test Suites",
  "get_started.manage_suites_description": "Group your test cases as per your plan and process",
  "get_started.schedule_plans": "Run/Schedule Test Plans",
  "get_started.schedule_plans_description": "Execute tests periodically at fixed intervals",
  "get_started.data_driven": "Data-driven Testing",
  "get_started.data_driven_description": "Run tests with multiple data sets, increase coverage",
  "get_started.cross_browser": "Cross Browser Testing",
  "get_started.cross_browser_description": "Run your tests on multiple browsers",
  "get_started.cross_device": "Run your tests on all devices",
  "get_started.cross_device_description": "Run your tests on multiple devices",
  "get_started.ci/cd_integration": "CI/CD Integration",
  "get_started.ci/cd_integration_description": "Integrate with your pipeline and automate test plans",
  "get_started.local_test_plans": "Local Test Plans",
  "get_started.local_test_plans_description": "Execute tests on local devices for locally hosted applications",
  "get_started.start_from_here": "Start from here",
  "get_started.chat_with_our_experts": "Chat with our Experts",
  "get_started.try_it_now": "Try it now",
  "get_started.read_more": "Read more..",
  "get_started.learn_more": "Learn from our Experts",
  "get_started.key_features": "Key Features",
  "page_title.backups": "Imports and Exports",
  "page_title.settings.backups": "Imports and Exports",
  "settings.backup.title": "Export",
  "settings.backup.xml": "Export",
  "message.common.on_a_time": "On {{time}}",
  "message.common.time": "{{time}}",
  "hint.message.common.delete": "Delete",
  "settings.backup.failed_msg": "ops, there was a problem during Backup, please try after some time. trace: {{message}}",
  "test_case.list.sort_by.lastRun": "Last Run",
  "message.common.text.workspace": "Workspace",
  "message.common.text.version": "Version",
  "message.common.text.title": "Title",
  "natural_text_action.custom_function.suggestion.description": "Description",
  "natural_text_action.custom_function.suggestion.input": "Input",
  "natural_text_action.custom_function.suggestion.output": "Output",
  "natural_text_action.custom_function.default": "Default",
  "natural_text_action.custom_function.addon_functions": "Addon",
  "addon.details.title": "Testsigma Addon",
  "addon.show_details": "Show Details",
  "chrome.install": "Install Testsigma Chrome Extension",
  "action.test_data_profile.step_no": "Step no",
  "first_chrome_install.description": "Testsigma Chrome Extension will help you capture the â€œelementâ€ details automatically. Elements can be anything on a web page that you are trying to automate (or interact with) like buttons, text boxes, links, divs, texts, etc.",
  "test_plan.test.machine.device": "Test Machines/Devices",
  "test_plan.machine.empty": "Select Test Suites from the right and click 'Add Machine/Device'",
  "test_plan.add.machine": "Add Machine/Device",
  "test_plan.suite.empty.popup": "Click <strong>Add Test Suites</strong> to add Test Suites to this Test Plan",
  "btn.common.switch_to_classic": "Switch to Classic UI",
  "test_plan.suite.filters": "Filters",
  "test_plan.suite.enable.e2e": "Enable End-to-End testing",
  "test_plan.form.help.e2e": "More details - <a href='https://testsigma.com/tutorials/test-plans/cross-platform-end-to-end-testing/' target='_blank'>End-to-End Testing Guide</a>.",
  "testplan.form.machine.mandatory.message": "Required: Associate Test Machine with Test Suites to create Test Plan",
  "requirement.mandatory.message": "Requirement is mandatory for all test cases, project should have atleast 1 requirement",
  "test_plan.environments.all": "All",
  "test_plan.suite.disabled.mixed_apps": "This operation is not allowed for Test Plan of type End-to-End",
  "test_plan.suite.disabled.prev_diff": "This operation is not allowed as previously selected Test Suite's application version is different",
  "test_plan.suite.disabled.app_diff": "This operation is not allowed as selected Test Suites are from different application versions",
  "test_plan.suite.disabled.select_machine": "Select Test Machine to perform this operation",
  "test_plan.suite.add_machine.create": "Create new Machine",
  "test_plan.suite.add_machine.map": "Add to existing Machine",
  "test_plan.suite.add_machine.map.title": "Add Test Suites to Machine",
  "test_plan.suite.add_machine.map.no_machine": "No Test Machine available for this Test Plan",
  "test_plan.suite.add_machine.map.no_machine_appid": "No Test Machine matching application version of currently selected Test Suites available",
  "test_plan.suite.add_machine.disabled.not_selected": "Select Test Suites to add them to Test Machine",
  "test_plan.test_suite.all_suite_machine_error": "All Test Suites must be associated with Test Machines",
  "suggestion.runtime_vars.note": "We will use last stored value for the selected runtime variable.",
  "suggestion.runtime_vars.var_name": "Runtime variable name",
  "suggestion.runtime_vars.testcase": "Testcase",
  "suggestion.runtime_vars.step": "Step",
  "suggestion.runtime_vars.name": "Runtime Variables",
  "suggestion.runtime_vars.empty": "You currently have no runtime variables.",
  "suggestion.runtime_vars.click_here.tooltip": "Click here to select the runtime variable",
  "test_plan.drag.reorder.testsuite": "Drag to re-order Test Suite",
  "test_plan.filter.reorder.testsuite": "Select Test Machine to re-order Test Suite in it",
  "test_plan.filter.reorder.testsuite.no_machine": "Add Test Machine to reorder Test Suite",
  "common.prerequisite": "Prerequisite",
  "test_plan.suite.add_machine.disabled.no_suite": "Add Test Suites to add the Test Machine",
  "suggestion.runtime_vars.project": "Project",
  "dashboard.test_cases.name": "Test Case Name",
  "partial_schedule.plan.title" : "Schedule Partial Test Run",
  "plan_result.report_bug.enable_plugin.label": "Enable new plugins by going to <b>Settings/Plugins</b>",
  "plan_result.report_bug.no_plugin_enabled.label": "No plugin is <b>enabled</b>, Enable new plugins by<br/> going to <b>Settings/Plugins</b>",
  "plan_result.report_bug.btn_go_plugins": "Go to Plugins",
  "common.add_new":"Add new",
  "nlp_templates.list.action.screen": "Screen",
  "step_result.element": "Element",
  "nlp.element.screen.name.suggestion.placeholder": "Search Using Screen Name",
  "nlp.element.suggestion.placeholder": "Search in Elements by Name",
  "element.form.create_title": "Create Element",
  "steps.remove.prerequisites": "please remove following mappings",
  "plugins.common.entity_xray_id" : "Xray {{EntityName}} id",
  "message.common.entity_xray_id" : "Enter {{EntityName}} Xray id",
  "message.common.xray_link.success" : "Xray Id Linked to {{EntityName}} Successfully",
  "message.common.xray_link.failure" : "Xray Id Linking to {{EntityName}} Failed",
  "message.common.uploads.deleted.failure": "Failed to delete some of the Uploads since they are already associated to some Test Cases.",
  "xray.filed.account_url" : "Jira Account URL",
  "message.common.xray_link.duplicate" : "Xray {{EntityName}} is already linked !",
  "xray.button.continue_linking": "Continue linking",
  "xray.button.abandon": "Abandon",
  "message.common.xray_link.pre_failure": "Please assign Xray Id to all {{EntityName}}",
  "message.common.prerequisite_not_linked": "Prerequisite test case not linked",
  "hint.xray.assets": "Enable Jira Integration to publish the logs, screenshots & videos in execution result.",
  "xray.filter.title": "Added Xray Id",
  "err.empty_elements": "Error While fetching empty elements",
  "err.url_validation": "Error while validating testdata url",
  "step_group.delete.impacted.message":  "Deleting this Step Group will impact <span class='text-red-warning'>{{Testcases}} Test cases</span>",
  "step_group.testcase.listing":  "{{name}} <span class='text-t-secondary'>{{isEdited}}</span>",
  "step_group.delete.zero_impacted.message":  "No test cases will be impacted on deleting this step group.",
  "step_group.summary.title": "Step Group Details",
  "data.parameterNameValue":"Test-Data",
  "test_step.for_loop.profile.na": "No Applicable Test Data Profiles found. Create a new Test Data Profile OR Check the association if the Test Data Profile is already created.\n"
}
